07:15:41 **** Incremental Build of configuration Debug for project Project ****
make -j16 all 
arm-none-eabi-gcc "../Core/Src/main.c" -mcpu=cortex-m3 -std=gnu11 -g3 -DDEBUG -DUSE_HAL_DRIVER -DSTM32F103xE -c -I../Core/Inc -I../Drivers/STM32F1xx_HAL_Driver/Inc -I../Drivers/STM32F1xx_HAL_Driver/Inc/Legacy -I../Drivers/CMSIS/Device/ST/STM32F1xx/Include -I../Drivers/CMSIS/Include -I"/home/jamesyoung/Documents/School/ELEC3300-Project/Project/LCD" -I"/home/jamesyoung/Documents/School/ELEC3300-Project/Project/ESP_Driver" -O1 -ffunction-sections -fdata-sections -Wall -fdata-sections -fstack-usage -fcyclomatic-complexity -MMD -MP -MF"Core/Src/main.d" -MT"Core/Src/main.o" --specs=nano.specs -mfloat-abi=soft -mthumb -o "Core/Src/main.o"
../Core/Src/main.c: In function 'main':
../Core/Src/main.c:191:65: warning: format '%lu' expects argument of type 'long unsigned int', but argument 4 has type 'int' [-Wformat=]
  191 |    sprintf(sensorData,"Sensor Front Mid: %lu\nSensor Front L: %lu Sensor Front R: %lu\nSensor Back: %lu",front_middle,0,0,0);
      |                                                               ~~^                                                     ~
      |                                                                 |                                                     |
      |                                                                 long unsigned int                                     int
      |                                                               %u
../Core/Src/main.c:191:85: warning: format '%lu' expects argument of type 'long unsigned int', but argument 5 has type 'int' [-Wformat=]
  191 |    sprintf(sensorData,"Sensor Front Mid: %lu\nSensor Front L: %lu Sensor Front R: %lu\nSensor Back: %lu",front_middle,0,0,0);
      |                                                                                   ~~^                                   ~
      |                                                                                     |                                   |
      |                                                                                     long unsigned int                   int
      |                                                                                   %u
../Core/Src/main.c:191:103: warning: format '%lu' expects argument of type 'long unsigned int', but argument 6 has type 'int' [-Wformat=]
  191 |    sprintf(sensorData,"Sensor Front Mid: %lu\nSensor Front L: %lu Sensor Front R: %lu\nSensor Back: %lu",front_middle,0,0,0);
      |                                                                                                     ~~^                   ~
      |                                                                                                       |                   |
      |                                                                                                       long unsigned int   int
      |                                                                                                     %u
arm-none-eabi-gcc -o "Project.elf" @"objects.list"   -mcpu=cortex-m3 -T"/home/jamesyoung/Documents/School/ELEC3300-Project/Project/STM32F103VETX_FLASH.ld" --specs=nosys.specs -Wl,-Map="Project.map" -Wl,--gc-sections -static --specs=nano.specs -mfloat-abi=soft -mthumb -Wl,--start-group -lc -lm -Wl,--end-group
Finished building target: Project.elf
 
arm-none-eabi-size   Project.elf 
arm-none-eabi-objdump -h -S  Project.elf  > "Project.list"
   text	   data	    bss	    dec	    hex	filename
 228420	   2520	  51240	 282180	  44e44	Project.elf
Finished building: default.size.stdout
 
Finished building: Project.list
 

07:15:44 Build Finished. 0 errors, 3 warnings. (took 3s.230ms)

