2023-04-18 00:58:49,266 [INFO] Activator:176 - 


2023-04-18 00:58:49,270 [INFO] Activator:177 - !SESSION log4j initialized
2023-04-18 00:58:53,701 [INFO] LogOutputStream:77 - [STDOUT_REDIRECT] 
2023-04-18 00:59:14,929 [ERROR] LogOutputStream:75 - [STDERR_REDIRECT] SLF4J: Failed to load class "org.slf4j.impl.StaticLoggerBinder".
2023-04-18 00:59:14,930 [ERROR] LogOutputStream:75 - [STDERR_REDIRECT] SLF4J: Defaulting to no-operation (NOP) logger implementation
2023-04-18 00:59:14,930 [ERROR] LogOutputStream:75 - [STDERR_REDIRECT] SLF4J: See http://www.slf4j.org/codes.html#StaticLoggerBinder for further details.
2023-04-18 04:32:52,472 [INFO] Activator:176 - 


2023-04-18 04:32:52,473 [INFO] Activator:177 - !SESSION log4j initialized
2023-04-18 04:32:55,922 [INFO] LogOutputStream:77 - [STDOUT_REDIRECT] 
2023-04-18 04:33:17,034 [ERROR] LogOutputStream:75 - [STDERR_REDIRECT] SLF4J: Failed to load class "org.slf4j.impl.StaticLoggerBinder".
2023-04-18 04:33:17,034 [ERROR] LogOutputStream:75 - [STDERR_REDIRECT] SLF4J: Defaulting to no-operation (NOP) logger implementation
2023-04-18 04:33:17,035 [ERROR] LogOutputStream:75 - [STDERR_REDIRECT] SLF4J: See http://www.slf4j.org/codes.html#StaticLoggerBinder for further details.
2023-04-18 04:45:43,074 [INFO] ApplicationProperties:184 - Using Application install path: /app/stm32cubeide/plugins/com.st.stm32cube.common.mx_6.8.0.202302231600
2023-04-18 04:45:43,089 [INFO] DbMcusXml:78 - Set database path to: /app/stm32cubeide/plugins/com.st.stm32cube.common.mx_6.8.0.202302231600//db//mcu/
2023-04-18 04:45:43,089 [INFO] ApiDb:274 - Set plugin database path to: /app/stm32cubeide/plugins/com.st.stm32cube.common.mx_6.8.0.202302231600//db//plugins/boardmanager/
2023-04-18 04:45:43,091 [WARN] ApiDb:259 - Overriding images path with different value:  => /app/stm32cubeide/plugins/com.st.stm32cube.common.mx_6.8.0.202302231600//db//plugins/mcufinder/images/
2023-04-18 04:45:43,101 [INFO] ApiDb:250 - Set database path to: /home/jamesyoung/.stmcufinder/plugins/mcufinder//mcu/
2023-04-18 04:45:43,102 [INFO] DbMcusAds:125 - Set database path to: /home/jamesyoung/.stmcufinder/plugins/mcufinder//mcu/
2023-04-18 04:45:43,122 [INFO] CrossReferenceDbSqlite:203 - Set database path to: /home/jamesyoung/.stmcufinder/plugins/mcufinder//mcu/cs/
2023-04-18 04:45:43,197 [INFO] RulesReader:64 - Compatibility file has been processed (293 Rules)
2023-04-18 04:45:43,234 [INFO] DbMcusXml:78 - Set database path to: /app/stm32cubeide/plugins/com.st.stm32cube.common.mx_6.8.0.202302231600//db//mcu/
2023-04-18 04:45:43,235 [INFO] ApiDb:274 - Set plugin database path to: /app/stm32cubeide/plugins/com.st.stm32cube.common.mx_6.8.0.202302231600//db//plugins/boardmanager/
2023-04-18 04:45:43,235 [INFO] ApiDb:261 - Set plugin images path to: /app/stm32cubeide/plugins/com.st.stm32cube.common.mx_6.8.0.202302231600//db//plugins/mcufinder/images/
2023-04-18 04:45:43,235 [WARN] DbFile:41 - Overriding database path with different value: /home/jamesyoung/.stmcufinder/plugins/mcufinder/ => /home/jamesyoung/.stmcufinder/plugins/mcufinder
2023-04-18 04:45:43,235 [INFO] ApiDb:250 - Set database path to: /home/jamesyoung/.stmcufinder/plugins/mcufinder//mcu/
2023-04-18 04:45:43,235 [WARN] DbFile:41 - Overriding database path with different value: /home/jamesyoung/.stmcufinder/plugins/mcufinder/ => /home/jamesyoung/.stmcufinder/plugins/mcufinder
2023-04-18 04:45:43,235 [INFO] DbMcusAds:125 - Set database path to: /home/jamesyoung/.stmcufinder/plugins/mcufinder//mcu/
2023-04-18 04:45:43,235 [WARN] DbFile:41 - Overriding database path with different value: /home/jamesyoung/.stmcufinder/plugins/mcufinder/ => /home/jamesyoung/.stmcufinder/plugins/mcufinder
2023-04-18 04:45:43,235 [WARN] DbFile:41 - Overriding database path with different value: /home/jamesyoung/.stmcufinder/plugins/mcufinder/ => /home/jamesyoung/.stmcufinder/plugins/mcufinder
2023-04-18 04:45:43,236 [INFO] CrossReferenceDbSqlite:203 - Set database path to: /home/jamesyoung/.stmcufinder/plugins/mcufinder//mcu/cs/
2023-04-18 04:45:43,278 [INFO] MainPanel:253 - HeapMemory: 623902720
2023-04-18 04:45:43,336 [INFO] DbMcusXml:78 - Set database path to: /app/stm32cubeide/plugins/com.st.stm32cube.common.mx_6.8.0.202302231600//db//mcu/
2023-04-18 04:45:43,336 [INFO] ApiDb:274 - Set plugin database path to: /app/stm32cubeide/plugins/com.st.stm32cube.common.mx_6.8.0.202302231600//db//plugins/boardmanager/
2023-04-18 04:45:43,336 [INFO] ApiDb:261 - Set plugin images path to: /app/stm32cubeide/plugins/com.st.stm32cube.common.mx_6.8.0.202302231600//db//plugins/mcufinder/images/
2023-04-18 04:45:43,336 [WARN] DbFile:41 - Overriding database path with different value: /home/jamesyoung/.stmcufinder/plugins/mcufinder/ => /home/jamesyoung/.stmcufinder/plugins/mcufinder
2023-04-18 04:45:43,336 [INFO] ApiDb:250 - Set database path to: /home/jamesyoung/.stmcufinder/plugins/mcufinder//mcu/
2023-04-18 04:45:43,336 [WARN] DbFile:41 - Overriding database path with different value: /home/jamesyoung/.stmcufinder/plugins/mcufinder/ => /home/jamesyoung/.stmcufinder/plugins/mcufinder
2023-04-18 04:45:43,336 [INFO] DbMcusAds:125 - Set database path to: /home/jamesyoung/.stmcufinder/plugins/mcufinder//mcu/
2023-04-18 04:45:43,336 [WARN] DbFile:41 - Overriding database path with different value: /home/jamesyoung/.stmcufinder/plugins/mcufinder/ => /home/jamesyoung/.stmcufinder/plugins/mcufinder
2023-04-18 04:45:43,336 [WARN] DbFile:41 - Overriding database path with different value: /home/jamesyoung/.stmcufinder/plugins/mcufinder/ => /home/jamesyoung/.stmcufinder/plugins/mcufinder
2023-04-18 04:45:43,337 [INFO] CrossReferenceDbSqlite:203 - Set database path to: /home/jamesyoung/.stmcufinder/plugins/mcufinder//mcu/cs/
2023-04-18 04:45:43,347 [INFO] ApplicationProperties:184 - Using Application install path: /app/stm32cubeide/plugins/com.st.stm32cube.common.mx_6.8.0.202302231600
2023-04-18 04:45:43,348 [INFO] PluginManage:196 - Search for loadable plugins [exclusion list=, ]
2023-04-18 04:45:43,349 [INFO] PluginManage:310 - Check plugin analytics
2023-04-18 04:45:43,471 [INFO] AnalyticsPlugin:253 - Accepted Software Licenses: 
2023-04-18 04:45:43,471 [INFO] AnalyticsPlugin:255 - Accepted CMSIS Pack Licenses: 
2023-04-18 04:45:43,472 [INFO] AnalyticsPlugin:257 - Accepted Firmware Licenses: 
2023-04-18 04:45:43,473 [INFO] PluginManage:359 - Loaded plugin analytics (category:tool,tabindex:-1)
2023-04-18 04:45:43,474 [INFO] PluginManage:310 - Check plugin cadmodel
2023-04-18 04:45:43,533 [INFO] CADModel:105 - Init CAD model plugin
2023-04-18 04:45:43,533 [INFO] PluginManage:359 - Loaded plugin cadmodel (category:power,tabindex:5)
2023-04-18 04:45:43,533 [INFO] PluginManage:310 - Check plugin clock
2023-04-18 04:45:43,540 [INFO] PluginManage:359 - Loaded plugin clock (category:base,tabindex:2)
2023-04-18 04:45:43,540 [INFO] PluginManage:310 - Check plugin ddr
2023-04-18 04:45:43,542 [INFO] PluginManage:359 - Loaded plugin ddr (category:tool,tabindex:6)
2023-04-18 04:45:43,542 [INFO] PluginManage:310 - Check plugin filemanager
2023-04-18 04:45:43,633 [INFO] PluginManage:359 - Loaded plugin filemanager (category:base,tabindex:10)
2023-04-18 04:45:43,633 [INFO] PluginManage:310 - Check plugin ipmanager
2023-04-18 04:45:43,637 [INFO] PluginManage:359 - Loaded plugin ipmanager (category:base,tabindex:5)
2023-04-18 04:45:43,637 [INFO] PluginManage:310 - Check plugin lpbam
2023-04-18 04:45:43,643 [INFO] PluginManage:359 - Loaded plugin lpbam (category:base,tabindex:0)
2023-04-18 04:45:43,643 [INFO] PluginManage:310 - Check plugin pinoutandconfiguration
2023-04-18 04:45:43,647 [INFO] PluginManage:359 - Loaded plugin pinoutandconfiguration (category:base,tabindex:1)
2023-04-18 04:45:43,647 [INFO] PluginManage:310 - Check plugin pinoutconfig
2023-04-18 04:45:43,702 [WARN] SupportedApi:132 - Cannot load RTOS API schema: s4s-elt-must-match.1: The content of 'definitions' must match (annotation?, (simpleType | complexType)?, (unique | key | keyref)*)). A problem was found starting at: attribute.
2023-04-18 04:45:43,784 [INFO] PluginManage:359 - Loaded plugin pinoutconfig (category:base,tabindex:0)
2023-04-18 04:45:43,785 [INFO] PluginManage:310 - Check plugin power
2023-04-18 04:45:43,791 [INFO] PluginManage:359 - Loaded plugin power (category:power,tabindex:4)
2023-04-18 04:45:43,791 [INFO] PluginManage:310 - Check plugin projectmanager
2023-04-18 04:45:43,801 [INFO] PluginManage:359 - Loaded plugin projectmanager (category:projectmanager,tabindex:3)
2023-04-18 04:45:43,801 [INFO] PluginManage:310 - Check plugin thirdparty
2023-04-18 04:45:43,866 [INFO] PluginManage:359 - Loaded plugin thirdparty (category:base,tabindex:-1)
2023-04-18 04:45:43,866 [WARN] IntegrityCheckThread:84 - waiting for thirdparty lock release [integrity check]
2023-04-18 04:45:43,866 [INFO] IntegrityCheckThread:86 - entering critical section [integrity check]
2023-04-18 04:45:43,866 [INFO] PluginManage:310 - Check plugin tools
2023-04-18 04:45:43,867 [INFO] ThirdPartyUpdaterWithRetryManager:70 - Updater plugin not ready yet. [1/15]
2023-04-18 04:45:43,867 [INFO] PluginManage:359 - Loaded plugin tools (category:base,tabindex:7)
2023-04-18 04:45:43,867 [INFO] PluginManage:310 - Check plugin tutovideos
2023-04-18 04:45:43,994 [INFO] PluginManage:359 - Loaded plugin tutovideos (category:base,tabindex:-1)
2023-04-18 04:45:43,994 [INFO] PluginManage:310 - Check plugin updater
2023-04-18 04:45:44,003 [INFO] PluginManage:359 - Loaded plugin updater (category:base,tabindex:12)
2023-04-18 04:45:44,003 [INFO] PluginManage:283 - PluginManage : Loaded plugins [15]
2023-04-18 04:45:44,147 [INFO] PinOutPanel:1499 - setPackage(No Configuration,No Configuration)
2023-04-18 04:45:44,187 [INFO] CADModel:165 - CPN selected for project level
2023-04-18 04:45:44,187 [INFO] CADModel:114 - Register for checkConnection events
2023-04-18 04:45:44,195 [INFO] IPUIPlugin:80 - create IPUIPlugin
2023-04-18 04:45:44,195 [INFO] PluginManager:220 - loadIPPluginJar : add ucpd
2023-04-18 04:45:44,201 [INFO] IPUIPlugin:80 - create IPUIPlugin
2023-04-18 04:45:44,201 [INFO] PluginManager:220 - loadIPPluginJar : add sai
2023-04-18 04:45:44,205 [INFO] IPUIPlugin:80 - create IPUIPlugin
2023-04-18 04:45:44,205 [INFO] PluginManager:220 - loadIPPluginJar : add gic
2023-04-18 04:45:44,206 [INFO] IPUIPlugin:80 - create IPUIPlugin
2023-04-18 04:45:44,206 [INFO] PluginManager:220 - loadIPPluginJar : add tsc
2023-04-18 04:45:44,211 [INFO] IPUIPlugin:80 - create IPUIPlugin
2023-04-18 04:45:44,211 [INFO] PluginManager:220 - loadIPPluginJar : add stm32_wpan
2023-04-18 04:45:44,212 [INFO] IPUIPlugin:80 - create IPUIPlugin
2023-04-18 04:45:44,212 [INFO] PluginManager:220 - loadIPPluginJar : add lorawan
2023-04-18 04:45:44,213 [INFO] IPUIPlugin:80 - create IPUIPlugin
2023-04-18 04:45:44,214 [INFO] PluginManager:220 - loadIPPluginJar : add dma3
2023-04-18 04:45:44,215 [INFO] IPUIPlugin:80 - create IPUIPlugin
2023-04-18 04:45:44,215 [INFO] PluginManager:220 - loadIPPluginJar : add openamp
2023-04-18 04:45:44,217 [INFO] IPUIPlugin:80 - create IPUIPlugin
2023-04-18 04:45:44,217 [INFO] PluginManager:220 - loadIPPluginJar : add can
2023-04-18 04:45:44,219 [INFO] IPUIPlugin:80 - create IPUIPlugin
2023-04-18 04:45:44,219 [INFO] PluginManager:220 - loadIPPluginJar : add aes
2023-04-18 04:45:44,221 [INFO] IPUIPlugin:80 - create IPUIPlugin
2023-04-18 04:45:44,221 [INFO] PluginManager:220 - loadIPPluginJar : add opamp
2023-04-18 04:45:44,222 [INFO] IPUIPlugin:80 - create IPUIPlugin
2023-04-18 04:45:44,222 [INFO] PluginManager:220 - loadIPPluginJar : add dfsdm
2023-04-18 04:45:44,223 [INFO] IPUIPlugin:80 - create IPUIPlugin
2023-04-18 04:45:44,223 [INFO] PluginManager:220 - loadIPPluginJar : add comp
2023-04-18 04:45:44,228 [INFO] IPUIPlugin:80 - create IPUIPlugin
2023-04-18 04:45:44,228 [INFO] PluginManager:220 - loadIPPluginJar : add freertos
2023-04-18 04:45:44,233 [INFO] IPUIPlugin:80 - create IPUIPlugin
2023-04-18 04:45:44,233 [INFO] PluginManager:220 - loadIPPluginJar : add mdma
2023-04-18 04:45:44,235 [INFO] IPUIPlugin:80 - create IPUIPlugin
2023-04-18 04:45:44,235 [INFO] PluginManager:220 - loadIPPluginJar : add usart
2023-04-18 04:45:44,236 [INFO] IPUIPlugin:80 - create IPUIPlugin
2023-04-18 04:45:44,236 [INFO] PluginManager:220 - loadIPPluginJar : add usbx
2023-04-18 04:45:44,239 [INFO] IPUIPlugin:80 - create IPUIPlugin
2023-04-18 04:45:44,239 [INFO] PluginManager:220 - loadIPPluginJar : add ipddr
2023-04-18 04:45:44,240 [INFO] IPUIPlugin:80 - create IPUIPlugin
2023-04-18 04:45:44,240 [INFO] PluginManager:220 - loadIPPluginJar : add tim
2023-04-18 04:45:44,241 [INFO] IPUIPlugin:80 - create IPUIPlugin
2023-04-18 04:45:44,241 [INFO] PluginManager:220 - loadIPPluginJar : add tracer_emb
2023-04-18 04:45:44,242 [INFO] IPUIPlugin:80 - create IPUIPlugin
2023-04-18 04:45:44,242 [INFO] PluginManager:220 - loadIPPluginJar : add i3c
2023-04-18 04:45:44,243 [INFO] IPUIPlugin:80 - create IPUIPlugin
2023-04-18 04:45:44,243 [INFO] PluginManager:220 - loadIPPluginJar : add i2s
2023-04-18 04:45:44,246 [INFO] IPUIPlugin:80 - create IPUIPlugin
2023-04-18 04:45:44,247 [INFO] PluginManager:220 - loadIPPluginJar : add dma
2023-04-18 04:45:44,251 [INFO] IPUIPlugin:80 - create IPUIPlugin
2023-04-18 04:45:44,251 [INFO] PluginManager:220 - loadIPPluginJar : add linkedlist
2023-04-18 04:45:44,252 [INFO] IPUIPlugin:80 - create IPUIPlugin
2023-04-18 04:45:44,252 [INFO] PluginManager:220 - loadIPPluginJar : add ts
2023-04-18 04:45:44,253 [INFO] IPUIPlugin:80 - create IPUIPlugin
2023-04-18 04:45:44,253 [INFO] PluginManager:220 - loadIPPluginJar : add touchsensing
2023-04-18 04:45:44,255 [INFO] IPUIPlugin:80 - create IPUIPlugin
2023-04-18 04:45:44,255 [INFO] PluginManager:220 - loadIPPluginJar : add gpio
2023-04-18 04:45:44,259 [INFO] IPUIPlugin:80 - create IPUIPlugin
2023-04-18 04:45:44,259 [INFO] PluginManager:220 - loadIPPluginJar : add adc
2023-04-18 04:45:44,263 [INFO] IPUIPlugin:80 - create IPUIPlugin
2023-04-18 04:45:44,264 [INFO] PluginManager:220 - loadIPPluginJar : add plateformsettings
2023-04-18 04:45:44,266 [INFO] IPUIPlugin:80 - create IPUIPlugin
2023-04-18 04:45:44,266 [INFO] PluginManager:220 - loadIPPluginJar : add nvic
2023-04-18 04:45:44,267 [INFO] IPUIPlugin:80 - create IPUIPlugin
2023-04-18 04:45:44,267 [INFO] PluginManager:220 - loadIPPluginJar : add pdm2pcm
2023-04-18 04:45:44,268 [INFO] IPUIPlugin:80 - create IPUIPlugin
2023-04-18 04:45:44,268 [INFO] PluginManager:220 - loadIPPluginJar : add quadspi
2023-04-18 04:45:44,270 [INFO] IPUIPlugin:80 - create IPUIPlugin
2023-04-18 04:45:44,270 [INFO] PluginManager:220 - loadIPPluginJar : add fmc
2023-04-18 04:45:44,271 [INFO] IPUIPlugin:80 - create IPUIPlugin
2023-04-18 04:45:44,271 [INFO] PluginManager:220 - loadIPPluginJar : add gtzc
2023-04-18 04:45:44,272 [INFO] IPUIPlugin:80 - create IPUIPlugin
2023-04-18 04:45:44,272 [INFO] PluginManager:220 - loadIPPluginJar : add genericplugin
2023-04-18 04:45:44,272 [INFO] IPUIPlugin:80 - create IPUIPlugin
2023-04-18 04:45:44,272 [INFO] PluginManager:220 - loadIPPluginJar : add ltdc
2023-04-18 04:45:44,274 [INFO] IPUIPlugin:80 - create IPUIPlugin
2023-04-18 04:45:44,274 [INFO] PluginManager:220 - loadIPPluginJar : add hash
2023-04-18 04:45:44,274 [INFO] IPUIPlugin:80 - create IPUIPlugin
2023-04-18 04:45:44,275 [INFO] PluginManager:220 - loadIPPluginJar : add gfxmmu
2023-04-18 04:45:44,276 [INFO] IPUIPlugin:80 - create IPUIPlugin
2023-04-18 04:45:44,276 [INFO] PluginManager:220 - loadIPPluginJar : add cryp
2023-04-18 04:45:44,277 [INFO] IPUIPlugin:80 - create IPUIPlugin
2023-04-18 04:45:44,277 [INFO] PluginManager:220 - loadIPPluginJar : add fatfs
2023-04-18 04:45:44,279 [INFO] IPUIPlugin:80 - create IPUIPlugin
2023-04-18 04:45:44,280 [INFO] PluginManager:220 - loadIPPluginJar : add resmgrutility
2023-04-18 04:45:44,281 [INFO] IPUIPlugin:80 - create IPUIPlugin
2023-04-18 04:45:44,281 [INFO] PluginManager:220 - loadIPPluginJar : add spi
2023-04-18 04:45:44,282 [INFO] IPUIPlugin:80 - create IPUIPlugin
2023-04-18 04:45:44,282 [INFO] PluginManager:220 - loadIPPluginJar : add i2c
2023-04-18 04:45:44,376 [INFO] CADModel:165 - CPN selected for project level
2023-04-18 04:45:44,376 [INFO] CADModel:114 - Register for checkConnection events
2023-04-18 04:45:44,377 [FATAL] Updater:308 - Updater called before beeing initialized
2023-04-18 04:45:44,377 [ERROR] CADModel:125 - Updater not yet initialized, retry later 
2023-04-18 04:45:44,462 [INFO] CADModel:165 - CPN selected for project level
2023-04-18 04:45:44,462 [INFO] CADModel:114 - Register for checkConnection events
2023-04-18 04:45:44,462 [FATAL] Updater:308 - Updater called before beeing initialized
2023-04-18 04:45:44,462 [ERROR] CADModel:125 - Updater not yet initialized, retry later 
2023-04-18 04:45:44,464 [FATAL] Updater:308 - Updater called before beeing initialized
2023-04-18 04:45:44,515 [FATAL] Updater:308 - Updater called before beeing initialized
2023-04-18 04:45:44,520 [INFO] DbMcusAds:53 - JSON generation date=Tue Mar 07 16:50:55 HKT 2023 (1678179055335)
2023-04-18 04:45:44,521 [FATAL] Updater:308 - Updater called before beeing initialized
2023-04-18 04:45:44,543 [WARN] DetailPanel:346 - Failed to get advertising image, set to default
2023-04-18 04:45:44,636 [FATAL] Updater:308 - Updater called before beeing initialized
2023-04-18 04:45:44,638 [FATAL] Updater:308 - Updater called before beeing initialized
2023-04-18 04:45:44,638 [FATAL] Updater:308 - Updater called before beeing initialized
2023-04-18 04:45:44,638 [WARN] DetailPanel:346 - Failed to get advertising image, set to default
2023-04-18 04:45:44,639 [FATAL] Updater:308 - Updater called before beeing initialized
2023-04-18 04:45:44,658 [ERROR] Updater:1120 - MainUpdater not yet initialized. External WinMGr cannot be set.
2023-04-18 04:45:44,660 [INFO] Updater:1056 - Updater Version found : 6.8.0
2023-04-18 04:45:44,672 [INFO] ApplicationProperties:184 - Using Application install path: /app/stm32cubeide/plugins/com.st.stm32cube.common.mx_6.8.0.202302231600
2023-04-18 04:45:45,655 [INFO] MainUpdater:2854 - connection check result : 10
2023-04-18 04:45:45,656 [INFO] MainUpdater:283 - Updater Check For Update Now.
2023-04-18 04:45:45,656 [INFO] MicroXplorer:498 - Change Database Version : DB.6.0.80
2023-04-18 04:45:45,792 [INFO] CheckServerUpdateThread:120 - End of CheckServer Thread
2023-04-18 04:45:45,862 [INFO] MainUpdater:2854 - connection check result : 10
2023-04-18 04:45:45,863 [INFO] McuFinderGlobals:66 - Set McuFinderConnectedMode to true
2023-04-18 04:45:46,087 [INFO] ServerAccessManage:473 - Download File mcusAds.json._tmp_
2023-04-18 04:45:46,191 [INFO] LoadUrlFilesThread:156 - End of LoadUrlFiles Thread
2023-04-18 04:45:46,340 [INFO] ServerAccessManage:473 - Download File cube-finder-db.zip
2023-04-18 04:45:46,746 [INFO] FileExtend:240 - Unzip File : cube-finder-db.zip
2023-04-18 04:45:46,746 [INFO] FileExtend:255 - Standard Zip Deflate
2023-04-18 04:45:46,890 [WARN] MainUpdater:1187 - Updater busy. Cannot search thirdparties
2023-04-18 04:45:46,891 [INFO] ThirdPartyUpdaterWithRetryManager:96 - Updater plugin is busy. [1/15]
2023-04-18 04:45:47,286 [INFO] LoadUrlFilesThread:156 - End of LoadUrlFiles Thread
2023-04-18 04:45:48,394 [INFO] ServerAccessManage:473 - Download File crdb.zip
2023-04-18 04:45:49,532 [INFO] FileExtend:240 - Unzip File : crdb.zip
2023-04-18 04:45:49,533 [INFO] FileExtend:255 - Standard Zip Deflate
2023-04-18 04:45:49,651 [INFO] LoadUrlFilesThread:156 - End of LoadUrlFiles Thread
2023-04-18 04:45:49,700 [INFO] ServerAccessManage:473 - Download File tutoVideoDB.zip
2023-04-18 04:45:49,703 [INFO] FileExtend:240 - Unzip File : tutoVideoDB.zip
2023-04-18 04:45:49,703 [INFO] FileExtend:255 - Standard Zip Deflate
2023-04-18 04:45:49,809 [INFO] LoadUrlFilesThread:156 - End of LoadUrlFiles Thread
2023-04-18 04:45:49,814 [WARN] DbFile:41 - Overriding database path with different value: /home/jamesyoung/.stmcufinder/plugins/mcufinder/ => /home/jamesyoung/.stmcufinder/plugins/mcufinder
2023-04-18 04:45:49,891 [WARN] MainUpdater:1187 - Updater busy. Cannot search thirdparties
2023-04-18 04:45:49,891 [INFO] ThirdPartyUpdaterWithRetryManager:96 - Updater plugin is busy. [2/15]
2023-04-18 04:45:49,937 [INFO] ServerAccessManage:473 - Download File api_config.json
2023-04-18 04:45:50,041 [INFO] LoadUrlFilesThread:156 - End of LoadUrlFiles Thread
2023-04-18 04:45:50,041 [INFO] DbMcusAds:53 - JSON generation date=Tue Mar 07 16:50:55 HKT 2023 (1678179055335)
2023-04-18 04:45:50,055 [INFO] LoadUrlFilesThread:185 - End of LoadServerUrlFiles without Thread
2023-04-18 04:45:50,055 [INFO] TargetSelectorAdapter:259 - Refresh data is successful
2023-04-18 04:45:50,107 [INFO] ApiDb:581 - Connected to CubeFinder SQLite database (/home/jamesyoung/.stmcufinder/plugins/mcufinder/mcu/cube-finder-db.db)
2023-04-18 04:45:50,139 [INFO] ApiDb:668 - CubeFinder database Data Model version=2.1
2023-04-18 04:45:50,139 [INFO] ApiDb:669 - CubeFinder database Configuration version=3.0.35
2023-04-18 04:45:50,139 [INFO] ApiDb:670 - CubeFinder database generation date=2023-03-10 (1678456172)
2023-04-18 04:45:50,139 [INFO] ApiDb:671 - CubeFinder database FW Pack versions=[FP-ATR-ASTRA1_V1.1.1, STM32Cube_FW_C0_V1.0.1, STM32Cube_FW_F0_V1.11.4, STM32Cube_FW_F3_V1.11.4, STM32Cube_FW_F4_V1.27.1, STM32Cube_FW_F7_V1.17.0, STM32Cube_FW_G0_V1.6.1, STM32Cube_FW_G4_V1.5.1, STM32Cube_FW_H5_V0.5.1, STM32Cube_FW_H5_V1.0.0, STM32Cube_FW_H7_V1.11.0, STM32Cube_FW_L0_V1.12.2, STM32Cube_FW_L5_V1.5.0, STM32Cube_FW_U5_V1.2.0, STM32Cube_FW_WBA_V1.0.0, STM32Cube_FW_WBA_V1.0.0RC1, STM32Cube_FW_WBA_V1.0.0RC3, STM32Cube_FW_WB_V1.15.0RC1, STM32Cube_FW_WB_V1.16.0, STM32Cube_FW_WB_V1.16.0RC2, STM32Cube_FW_WL_V1.3.0, X-CUBE-ALGOBUILD_V1.3.0, X-CUBE-ALS_V1.0.1, X-CUBE-AZRTOS-F4_V1.1.0, X-CUBE-AZRTOS-F7_V1.1.0, X-CUBE-AZRTOS-G0_V1.1.0, X-CUBE-AZRTOS-G4_V1.0.0, X-CUBE-AZRTOS-H7_V3.0.0, X-CUBE-AZRTOS-L4_V1.0.0, X-CUBE-AZRTOS-L5_V1.1.0, X-CUBE-AZRTOS-WB_V1.1.0, X-CUBE-AZRTOS-WL_V1.0.0, X-CUBE-BLE1_V6.2.4, X-CUBE-BLE2_V3.3.0, X-CUBE-BLEMGR_V1.3.0, X-CUBE-EEPRMA1_V4.1.0, X-CUBE-GNSS1_V6.0.0, X-CUBE-MEMS1_V9.1.0, X-CUBE-MEMS1_V9.4.0, X-CUBE-MEMS1_V9.5.0, X-CUBE-NFC4_V3.0.0, X-CUBE-NFC7_V1.0.0, X-CUBE-SFXS2LP1_V4.0.0, X-CUBE-SUBG2_V5.0.0]
2023-04-18 04:45:51,544 [INFO] ApiDb:240 - Found 297 in-development CPN: [B-G473E-ZEST1S, B-WB1M-WPAN1, B-WL5M-SUBG1, NUCLEO-C031C6, NUCLEO-H503RB, NUCLEO-H563ZI, NUCLEO-U545RE-Q, NUCLEO-U5A5ZJ-Q, NUCLEO-WBA52CG, STEVAL-PROTEUS1, STEVAL-STWINBX1, STM320518-EVAL, STM32C0116-DK, STM32C011D6Y3TR, STM32C011D6Y6TR, STM32C011F4P3, STM32C011F4P6, STM32C011F4U3, STM32C011F4U6TR, STM32C011F6P3, STM32C011F6P6, STM32C011F6U3, STM32C011F6U6TR, STM32C011J4M3, STM32C011J4M6, STM32C011J6M3, STM32C011J6M6, STM32C0316-DK, STM32C031C4T3, STM32C031C4T6, STM32C031C4U3, STM32C031C4U6, STM32C031C6T3, STM32C031C6T6, STM32C031C6U3, STM32C031C6U6, STM32C031F4P3, STM32C031F4P6, STM32C031F6P3, STM32C031F6P6, STM32C031G4U3, STM32C031G4U6, STM32C031G6U3, STM32C031G6U6, STM32C031K4T3, STM32C031K4T6, STM32C031K4U3, STM32C031K4U6, STM32C031K6T3, STM32C031K6T6, STM32C031K6U3, STM32C031K6U6, STM32G071K8TXN, STM32G071K8UXN, STM32G081GBU6N, STM32G081KBT6N, STM32G081KBUXN, STM32G0B1CCT6N, STM32G0B1KCT6, STM32G0B1NEY6TR, STM32G0B1RCT6N, STM32G0C1CCT6, STM32G0C1CCT6N, STM32G0C1CCU6N, STM32G0C1CET6N, STM32G0C1CEU6N, STM32G0C1KCT6, STM32G0C1NEY6TR, STM32G0C1RCI6N, STM32G0C1RCT6N, STM32G0C1REI6N, STM32G0C1RET6N, STM32G0C1VCI6, STM32G0C1VEI6, STM32G471CCT6, STM32G471CCU6, STM32G471CET3, STM32G471CET6, STM32G471CEU3, STM32G471CEU6, STM32G471MCT6, STM32G471MET3, STM32G471MET6, STM32G471MEY6TR, STM32G471QCT6, STM32G471QET3, STM32G471RCT6, STM32G471RET3, STM32G471RET6, STM32G471VCH6, STM32G471VCI6, STM32G471VCT6, STM32G471VEH3, STM32G471VEH6, STM32G471VEI3, STM32G471VEI6, STM32G471VET3, STM32G471VET6, STM32G474CCT6, STM32H503CBT6, STM32H503CBU6, STM32H503EBY6TR, STM32H503KBU6, STM32H503RBT6, STM32H562AGI6, STM32H562AII6, STM32H562IGK6, STM32H562IGT6, STM32H562IIK6, STM32H562IIT6, STM32H562RGT6, STM32H562RGV6, STM32H562RIT6, STM32H562RIV6, STM32H562VGT6, STM32H562VIT6, STM32H562ZGT6, STM32H562ZIT6, STM32H563AGI6, STM32H563AII3Q, STM32H563AII6, STM32H563IGK6, STM32H563IGT6, STM32H563IIK3Q, STM32H563IIK6, STM32H563IIT3Q, STM32H563IIT6, STM32H563MIY3QTR, STM32H563RGT6, STM32H563RGV6, STM32H563RIT6, STM32H563RIV6, STM32H563VGT6, STM32H563VIT3Q, STM32H563VIT6, STM32H563ZGT6, STM32H563ZIT3Q, STM32H563ZIT6, STM32H573AII3Q, STM32H573AII6, STM32H573I-DK, STM32H573IIK3Q, STM32H573IIK6, STM32H573IIT3Q, STM32H573IIT6, STM32H573MIY3QTR, STM32H573RIT6, STM32H573RIV6, STM32H573VIT3Q, STM32H573VIT6, STM32H573ZIT3Q, STM32H573ZIT6, STM32L4R5QGI6STR, STM32MP131AAE3, STM32MP131AAF3, STM32MP131AAG3, STM32MP131CAE3, STM32MP131CAF3, STM32MP131CAG3, STM32MP131DAE7, STM32MP131DAF7, STM32MP131DAG7, STM32MP131FAE7, STM32MP131FAF7, STM32MP131FAG7, STM32MP133AAE3, STM32MP133AAF3, STM32MP133AAG3, STM32MP133CAE3, STM32MP133CAF3, STM32MP133CAG3, STM32MP133DAE7, STM32MP133DAF7, STM32MP133DAG7, STM32MP133FAE7, STM32MP133FAF7, STM32MP133FAG7, STM32MP135AAE3, STM32MP135AAF3, STM32MP135AAG3, STM32MP135CAE3, STM32MP135CAF3, STM32MP135CAG3, STM32MP135DAE7, STM32MP135DAF7, STM32MP135DAG7, STM32MP135F-DK, STM32MP135FAE7, STM32MP135FAF7, STM32MP135FAF7T, STM32MP135FAF7U, STM32MP135FAG7, STM32U535CBT6, STM32U535CBT6Q, STM32U535CBU6, STM32U535CBU6Q, STM32U535CCT6, STM32U535CCT6Q, STM32U535CCU6, STM32U535CCU6Q, STM32U535CET6, STM32U535CET6Q, STM32U535CEU6, STM32U535CEU6Q, STM32U535JEY6QTR, STM32U535NCY6QTR, STM32U535NEY6QTR, STM32U535RBI6, STM32U535RBI6Q, STM32U535RBT6, STM32U535RBT6Q, STM32U535RCI6, STM32U535RCI6Q, STM32U535RCT6, STM32U535RCT6Q, STM32U535REI6, STM32U535REI6Q, STM32U535RET6, STM32U535RET6Q, STM32U535VCI6, STM32U535VCI6Q, STM32U535VCT6, STM32U535VCT6Q, STM32U535VEI6, STM32U535VEI6Q, STM32U535VET6, STM32U535VET6Q, STM32U545CET6, STM32U545CET6Q, STM32U545CEU6, STM32U545CEU6Q, STM32U545JEY6QTR, STM32U545NEY6QTR, STM32U545REI6, STM32U545REI6Q, STM32U545RET6, STM32U545RET6Q, STM32U545VEI6, STM32U545VEI6Q, STM32U545VET6, STM32U545VET6Q, STM32U595AIH6, STM32U595AIH6Q, STM32U595AJH6, STM32U595AJH6Q, STM32U595QII6, STM32U595QII6Q, STM32U595QJI6, STM32U595QJI6Q, STM32U595RIT6, STM32U595RIT6Q, STM32U595RJT6, STM32U595RJT6Q, STM32U595VIT6, STM32U595VIT6Q, STM32U595VJT6, STM32U595VJT6Q, STM32U595ZIT6, STM32U595ZIT6Q, STM32U595ZIY6QTR, STM32U595ZJT6, STM32U595ZJT6Q, STM32U595ZJY6QTR, STM32U599BJY6QTR, STM32U599NIH6Q, STM32U599NJH6Q, STM32U599VIT6Q, STM32U599VJT6, STM32U599VJT6Q, STM32U599ZIT6Q, STM32U599ZIY6QTR, STM32U599ZJT6Q, STM32U599ZJY6QTR, STM32U5A5AJH6, STM32U5A5AJH6Q, STM32U5A5QJI6, STM32U5A5QJI6Q, STM32U5A5RJT6, STM32U5A5RJT6Q, STM32U5A5VJT6, STM32U5A5VJT6Q, STM32U5A5ZJT6, STM32U5A5ZJT6Q, STM32U5A5ZJY6QTR, STM32U5A9BJY6QTR, STM32U5A9J-DK, STM32U5A9NJH6Q, STM32U5A9VJT6Q, STM32U5A9ZJT6Q, STM32U5A9ZJY6QTR, STM32WB1MMCH6, STM32WBA52CEU6, STM32WBA52CEU6T, STM32WBA52CGU6, STM32WBA52CGU6T, STM32WL5MOCH6, STM32WL5MOCH6TR]
2023-04-18 04:45:51,546 [INFO] DbMcus:216 - Found 3775 MCUs, 3775 are supported
2023-04-18 04:45:51,547 [INFO] ApiDb:423 - Load user favorites file /home/jamesyoung/.stm32cubeide/favorites.mcus.txt: 0 item(s)
2023-04-18 04:45:51,547 [INFO] ApiDb:427 - User favorites MCUs=[]
2023-04-18 04:45:51,547 [INFO] DbMcus:222 - Set 0 / 0 favorites MCUs
2023-04-18 04:45:51,709 [INFO] ApiDb:668 - CubeFinder database Data Model version=2.1
2023-04-18 04:45:51,709 [INFO] ApiDb:669 - CubeFinder database Configuration version=3.0.35
2023-04-18 04:45:51,709 [INFO] ApiDb:670 - CubeFinder database generation date=2023-03-10 (1678456172)
2023-04-18 04:45:51,709 [INFO] ApiDb:671 - CubeFinder database FW Pack versions=[FP-ATR-ASTRA1_V1.1.1, STM32Cube_FW_C0_V1.0.1, STM32Cube_FW_F0_V1.11.4, STM32Cube_FW_F3_V1.11.4, STM32Cube_FW_F4_V1.27.1, STM32Cube_FW_F7_V1.17.0, STM32Cube_FW_G0_V1.6.1, STM32Cube_FW_G4_V1.5.1, STM32Cube_FW_H5_V0.5.1, STM32Cube_FW_H5_V1.0.0, STM32Cube_FW_H7_V1.11.0, STM32Cube_FW_L0_V1.12.2, STM32Cube_FW_L5_V1.5.0, STM32Cube_FW_U5_V1.2.0, STM32Cube_FW_WBA_V1.0.0, STM32Cube_FW_WBA_V1.0.0RC1, STM32Cube_FW_WBA_V1.0.0RC3, STM32Cube_FW_WB_V1.15.0RC1, STM32Cube_FW_WB_V1.16.0, STM32Cube_FW_WB_V1.16.0RC2, STM32Cube_FW_WL_V1.3.0, X-CUBE-ALGOBUILD_V1.3.0, X-CUBE-ALS_V1.0.1, X-CUBE-AZRTOS-F4_V1.1.0, X-CUBE-AZRTOS-F7_V1.1.0, X-CUBE-AZRTOS-G0_V1.1.0, X-CUBE-AZRTOS-G4_V1.0.0, X-CUBE-AZRTOS-H7_V3.0.0, X-CUBE-AZRTOS-L4_V1.0.0, X-CUBE-AZRTOS-L5_V1.1.0, X-CUBE-AZRTOS-WB_V1.1.0, X-CUBE-AZRTOS-WL_V1.0.0, X-CUBE-BLE1_V6.2.4, X-CUBE-BLE2_V3.3.0, X-CUBE-BLEMGR_V1.3.0, X-CUBE-EEPRMA1_V4.1.0, X-CUBE-GNSS1_V6.0.0, X-CUBE-MEMS1_V9.1.0, X-CUBE-MEMS1_V9.4.0, X-CUBE-MEMS1_V9.5.0, X-CUBE-NFC4_V3.0.0, X-CUBE-NFC7_V1.0.0, X-CUBE-SFXS2LP1_V4.0.0, X-CUBE-SUBG2_V5.0.0]
2023-04-18 04:45:51,746 [INFO] DbBoardsSqlite:226 - include board P-NUCLEO-WB55-NUCLEO as a kit item of type 'Nucleo-64'
2023-04-18 04:45:51,746 [INFO] DbBoardsSqlite:226 - include board P-NUCLEO-WB55-USBDONGLE as a kit item of type 'Nucleo USB Dongle'
2023-04-18 04:45:51,746 [INFO] DbBoardsSqlite:226 - include board STEVAL-IDP005V1 as a kit item of type 'Evaluation Board'
2023-04-18 04:45:51,746 [INFO] DbBoardsSqlite:226 - include board STEVAL-IDP005V2 as a kit item of type 'Evaluation Board'
2023-04-18 04:45:51,766 [INFO] ApiDb:240 - Found 297 in-development CPN: [B-G473E-ZEST1S, B-WB1M-WPAN1, B-WL5M-SUBG1, NUCLEO-C031C6, NUCLEO-H503RB, NUCLEO-H563ZI, NUCLEO-U545RE-Q, NUCLEO-U5A5ZJ-Q, NUCLEO-WBA52CG, STEVAL-PROTEUS1, STEVAL-STWINBX1, STM320518-EVAL, STM32C0116-DK, STM32C011D6Y3TR, STM32C011D6Y6TR, STM32C011F4P3, STM32C011F4P6, STM32C011F4U3, STM32C011F4U6TR, STM32C011F6P3, STM32C011F6P6, STM32C011F6U3, STM32C011F6U6TR, STM32C011J4M3, STM32C011J4M6, STM32C011J6M3, STM32C011J6M6, STM32C0316-DK, STM32C031C4T3, STM32C031C4T6, STM32C031C4U3, STM32C031C4U6, STM32C031C6T3, STM32C031C6T6, STM32C031C6U3, STM32C031C6U6, STM32C031F4P3, STM32C031F4P6, STM32C031F6P3, STM32C031F6P6, STM32C031G4U3, STM32C031G4U6, STM32C031G6U3, STM32C031G6U6, STM32C031K4T3, STM32C031K4T6, STM32C031K4U3, STM32C031K4U6, STM32C031K6T3, STM32C031K6T6, STM32C031K6U3, STM32C031K6U6, STM32G071K8TXN, STM32G071K8UXN, STM32G081GBU6N, STM32G081KBT6N, STM32G081KBUXN, STM32G0B1CCT6N, STM32G0B1KCT6, STM32G0B1NEY6TR, STM32G0B1RCT6N, STM32G0C1CCT6, STM32G0C1CCT6N, STM32G0C1CCU6N, STM32G0C1CET6N, STM32G0C1CEU6N, STM32G0C1KCT6, STM32G0C1NEY6TR, STM32G0C1RCI6N, STM32G0C1RCT6N, STM32G0C1REI6N, STM32G0C1RET6N, STM32G0C1VCI6, STM32G0C1VEI6, STM32G471CCT6, STM32G471CCU6, STM32G471CET3, STM32G471CET6, STM32G471CEU3, STM32G471CEU6, STM32G471MCT6, STM32G471MET3, STM32G471MET6, STM32G471MEY6TR, STM32G471QCT6, STM32G471QET3, STM32G471RCT6, STM32G471RET3, STM32G471RET6, STM32G471VCH6, STM32G471VCI6, STM32G471VCT6, STM32G471VEH3, STM32G471VEH6, STM32G471VEI3, STM32G471VEI6, STM32G471VET3, STM32G471VET6, STM32G474CCT6, STM32H503CBT6, STM32H503CBU6, STM32H503EBY6TR, STM32H503KBU6, STM32H503RBT6, STM32H562AGI6, STM32H562AII6, STM32H562IGK6, STM32H562IGT6, STM32H562IIK6, STM32H562IIT6, STM32H562RGT6, STM32H562RGV6, STM32H562RIT6, STM32H562RIV6, STM32H562VGT6, STM32H562VIT6, STM32H562ZGT6, STM32H562ZIT6, STM32H563AGI6, STM32H563AII3Q, STM32H563AII6, STM32H563IGK6, STM32H563IGT6, STM32H563IIK3Q, STM32H563IIK6, STM32H563IIT3Q, STM32H563IIT6, STM32H563MIY3QTR, STM32H563RGT6, STM32H563RGV6, STM32H563RIT6, STM32H563RIV6, STM32H563VGT6, STM32H563VIT3Q, STM32H563VIT6, STM32H563ZGT6, STM32H563ZIT3Q, STM32H563ZIT6, STM32H573AII3Q, STM32H573AII6, STM32H573I-DK, STM32H573IIK3Q, STM32H573IIK6, STM32H573IIT3Q, STM32H573IIT6, STM32H573MIY3QTR, STM32H573RIT6, STM32H573RIV6, STM32H573VIT3Q, STM32H573VIT6, STM32H573ZIT3Q, STM32H573ZIT6, STM32L4R5QGI6STR, STM32MP131AAE3, STM32MP131AAF3, STM32MP131AAG3, STM32MP131CAE3, STM32MP131CAF3, STM32MP131CAG3, STM32MP131DAE7, STM32MP131DAF7, STM32MP131DAG7, STM32MP131FAE7, STM32MP131FAF7, STM32MP131FAG7, STM32MP133AAE3, STM32MP133AAF3, STM32MP133AAG3, STM32MP133CAE3, STM32MP133CAF3, STM32MP133CAG3, STM32MP133DAE7, STM32MP133DAF7, STM32MP133DAG7, STM32MP133FAE7, STM32MP133FAF7, STM32MP133FAG7, STM32MP135AAE3, STM32MP135AAF3, STM32MP135AAG3, STM32MP135CAE3, STM32MP135CAF3, STM32MP135CAG3, STM32MP135DAE7, STM32MP135DAF7, STM32MP135DAG7, STM32MP135F-DK, STM32MP135FAE7, STM32MP135FAF7, STM32MP135FAF7T, STM32MP135FAF7U, STM32MP135FAG7, STM32U535CBT6, STM32U535CBT6Q, STM32U535CBU6, STM32U535CBU6Q, STM32U535CCT6, STM32U535CCT6Q, STM32U535CCU6, STM32U535CCU6Q, STM32U535CET6, STM32U535CET6Q, STM32U535CEU6, STM32U535CEU6Q, STM32U535JEY6QTR, STM32U535NCY6QTR, STM32U535NEY6QTR, STM32U535RBI6, STM32U535RBI6Q, STM32U535RBT6, STM32U535RBT6Q, STM32U535RCI6, STM32U535RCI6Q, STM32U535RCT6, STM32U535RCT6Q, STM32U535REI6, STM32U535REI6Q, STM32U535RET6, STM32U535RET6Q, STM32U535VCI6, STM32U535VCI6Q, STM32U535VCT6, STM32U535VCT6Q, STM32U535VEI6, STM32U535VEI6Q, STM32U535VET6, STM32U535VET6Q, STM32U545CET6, STM32U545CET6Q, STM32U545CEU6, STM32U545CEU6Q, STM32U545JEY6QTR, STM32U545NEY6QTR, STM32U545REI6, STM32U545REI6Q, STM32U545RET6, STM32U545RET6Q, STM32U545VEI6, STM32U545VEI6Q, STM32U545VET6, STM32U545VET6Q, STM32U595AIH6, STM32U595AIH6Q, STM32U595AJH6, STM32U595AJH6Q, STM32U595QII6, STM32U595QII6Q, STM32U595QJI6, STM32U595QJI6Q, STM32U595RIT6, STM32U595RIT6Q, STM32U595RJT6, STM32U595RJT6Q, STM32U595VIT6, STM32U595VIT6Q, STM32U595VJT6, STM32U595VJT6Q, STM32U595ZIT6, STM32U595ZIT6Q, STM32U595ZIY6QTR, STM32U595ZJT6, STM32U595ZJT6Q, STM32U595ZJY6QTR, STM32U599BJY6QTR, STM32U599NIH6Q, STM32U599NJH6Q, STM32U599VIT6Q, STM32U599VJT6, STM32U599VJT6Q, STM32U599ZIT6Q, STM32U599ZIY6QTR, STM32U599ZJT6Q, STM32U599ZJY6QTR, STM32U5A5AJH6, STM32U5A5AJH6Q, STM32U5A5QJI6, STM32U5A5QJI6Q, STM32U5A5RJT6, STM32U5A5RJT6Q, STM32U5A5VJT6, STM32U5A5VJT6Q, STM32U5A5ZJT6, STM32U5A5ZJT6Q, STM32U5A5ZJY6QTR, STM32U5A9BJY6QTR, STM32U5A9J-DK, STM32U5A9NJH6Q, STM32U5A9VJT6Q, STM32U5A9ZJT6Q, STM32U5A9ZJY6QTR, STM32WB1MMCH6, STM32WBA52CEU6, STM32WBA52CEU6T, STM32WBA52CGU6, STM32WBA52CGU6T, STM32WL5MOCH6, STM32WL5MOCH6TR]
2023-04-18 04:45:51,848 [INFO] BoardInfo:880 - No configuration file found for board P-NUCLEO-WB55
2023-04-18 04:45:51,848 [INFO] DbBoards:157 - Kit is not supported: P-NUCLEO-WB55
2023-04-18 04:45:51,851 [INFO] BoardInfo:880 - No configuration file found for board STEVAL-BFA001V1B
2023-04-18 04:45:51,851 [INFO] DbBoards:157 - Kit is not supported: STEVAL-BFA001V1B
2023-04-18 04:45:51,852 [INFO] BoardInfo:880 - No configuration file found for board STEVAL-BFA001V2B
2023-04-18 04:45:51,852 [INFO] DbBoards:157 - Kit is not supported: STEVAL-BFA001V2B
2023-04-18 04:45:51,916 [INFO] DbBoards:161 - Found 187 boards, 184 are supported
2023-04-18 04:45:51,918 [INFO] ApiDb:423 - Load user favorites file /home/jamesyoung/.stm32cubeide/favorites.boards.txt: 0 item(s)
2023-04-18 04:45:51,918 [INFO] ApiDb:427 - User favorites Boards=[]
2023-04-18 04:45:51,918 [INFO] DbBoards:190 - Set 0 / 0 favorites Boards
2023-04-18 04:45:51,920 [INFO] ApiDb:668 - CubeFinder database Data Model version=2.1
2023-04-18 04:45:51,920 [INFO] ApiDb:669 - CubeFinder database Configuration version=3.0.35
2023-04-18 04:45:51,920 [INFO] ApiDb:670 - CubeFinder database generation date=2023-03-10 (1678456172)
2023-04-18 04:45:51,921 [INFO] ApiDb:671 - CubeFinder database FW Pack versions=[FP-ATR-ASTRA1_V1.1.1, STM32Cube_FW_C0_V1.0.1, STM32Cube_FW_F0_V1.11.4, STM32Cube_FW_F3_V1.11.4, STM32Cube_FW_F4_V1.27.1, STM32Cube_FW_F7_V1.17.0, STM32Cube_FW_G0_V1.6.1, STM32Cube_FW_G4_V1.5.1, STM32Cube_FW_H5_V0.5.1, STM32Cube_FW_H5_V1.0.0, STM32Cube_FW_H7_V1.11.0, STM32Cube_FW_L0_V1.12.2, STM32Cube_FW_L5_V1.5.0, STM32Cube_FW_U5_V1.2.0, STM32Cube_FW_WBA_V1.0.0, STM32Cube_FW_WBA_V1.0.0RC1, STM32Cube_FW_WBA_V1.0.0RC3, STM32Cube_FW_WB_V1.15.0RC1, STM32Cube_FW_WB_V1.16.0, STM32Cube_FW_WB_V1.16.0RC2, STM32Cube_FW_WL_V1.3.0, X-CUBE-ALGOBUILD_V1.3.0, X-CUBE-ALS_V1.0.1, X-CUBE-AZRTOS-F4_V1.1.0, X-CUBE-AZRTOS-F7_V1.1.0, X-CUBE-AZRTOS-G0_V1.1.0, X-CUBE-AZRTOS-G4_V1.0.0, X-CUBE-AZRTOS-H7_V3.0.0, X-CUBE-AZRTOS-L4_V1.0.0, X-CUBE-AZRTOS-L5_V1.1.0, X-CUBE-AZRTOS-WB_V1.1.0, X-CUBE-AZRTOS-WL_V1.0.0, X-CUBE-BLE1_V6.2.4, X-CUBE-BLE2_V3.3.0, X-CUBE-BLEMGR_V1.3.0, X-CUBE-EEPRMA1_V4.1.0, X-CUBE-GNSS1_V6.0.0, X-CUBE-MEMS1_V9.1.0, X-CUBE-MEMS1_V9.4.0, X-CUBE-MEMS1_V9.5.0, X-CUBE-NFC4_V3.0.0, X-CUBE-NFC7_V1.0.0, X-CUBE-SFXS2LP1_V4.0.0, X-CUBE-SUBG2_V5.0.0]
2023-04-18 04:45:52,487 [INFO] DbExamplesSqlite:376 - Ignored 46 examples not supported by CubeIDE
2023-04-18 04:45:52,487 [INFO] DbExamplesSqlite:377 - Found 7328 examples active
2023-04-18 04:45:52,488 [INFO] DbExamplesSqlite:378 - Found 1095 examples obsolete
2023-04-18 04:45:52,488 [INFO] DbExamplesSqlite:379 - Found 0 examples under development
2023-04-18 04:45:52,488 [INFO] DbExamplesSqlite:380 - Found 77 examples not building
2023-04-18 04:45:52,490 [INFO] DbExamples:125 - Found 7359 examples
2023-04-18 04:45:52,504 [INFO] DbExamples:222 - Found 92 boards with related examples
2023-04-18 04:45:52,505 [INFO] DbExamples:235 - Found 78 MCUs with related examples
2023-04-18 04:45:52,525 [INFO] ApiDb:414 - User favorites file not found: /home/jamesyoung/.stm32cubeide/favorites.examples.txt
2023-04-18 04:45:52,525 [INFO] DbExamples:250 - Set 0 / 0 favorites Examples
2023-04-18 04:45:52,633 [INFO] McuFinderGlobals:66 - Set McuFinderConnectedMode to true
2023-04-18 04:45:52,639 [INFO] MultiScanPanel:200 - Auto-refresh data requested => check proxy status ongoing
2023-04-18 04:45:52,641 [INFO] FinderPluginLoader:95 - Searching for filters in installed packs
2023-04-18 04:45:52,954 [WARN] PackLoader:240 - Cannot read IP mode file for STMicroelectronics.X-CUBE-GNSS1.6.0.0
2023-04-18 04:45:52,973 [WARN] PackLoader:240 - Cannot read IP mode file for STMicroelectronics.X-CUBE-AZRTOS-F4.1.1.0
2023-04-18 04:45:52,981 [WARN] PackLoader:240 - Cannot read IP mode file for STMicroelectronics.X-CUBE-SMBUS.2.1.0
2023-04-18 04:45:52,993 [WARN] PackLoader:240 - Cannot read IP mode file for STMicroelectronics.X-CUBE-AZRTOS-F7.1.1.0
2023-04-18 04:45:52,998 [WARN] PackLoader:240 - Cannot read IP mode file for STMicroelectronics.X-CUBE-BLE1.6.2.4
2023-04-18 04:45:53,002 [WARN] PackLoader:240 - Cannot read IP mode file for emotas.I-CUBE-CANOPEN.1.1.3
2023-04-18 04:45:53,007 [WARN] PackLoader:240 - Cannot read IP mode file for STMicroelectronics.X-CUBE-BLEMGR.2.0.0
2023-04-18 04:45:53,025 [WARN] ConditionMgr:438 - getConditionDescription Invalid condition id : UX DEVICE CLASS RTOS Condition cause : null
2023-04-18 04:45:53,026 [WARN] ConditionMgr:438 - getConditionDescription Invalid condition id : UX DEVICE CLASS RTOS Condition cause : null
2023-04-18 04:45:53,029 [WARN] PackLoader:240 - Cannot read IP mode file for STMicroelectronics.X-CUBE-AZRTOS-H7.3.1.0
2023-04-18 04:45:53,031 [WARN] ConditionMgr:1039 - genDependencies : Invalid condition id : UX DEVICE CLASS RTOS Condition cause : null
2023-04-18 04:45:53,031 [WARN] ConditionMgr:1039 - genDependencies : Invalid condition id : UX DEVICE CLASS RTOS Condition cause : null
2023-04-18 04:45:53,031 [WARN] ConditionMgr:1039 - genDependencies : Invalid condition id : UX DEVICE CLASS RTOS Condition cause : null
2023-04-18 04:45:53,032 [WARN] ConditionMgr:1039 - genDependencies : Invalid condition id : UX DEVICE CLASS RTOS Condition cause : null
2023-04-18 04:45:53,032 [WARN] ConditionMgr:1039 - genDependencies : Invalid condition id : UX DEVICE CLASS RTOS Condition cause : null
2023-04-18 04:45:53,039 [WARN] PackLoader:240 - Cannot read IP mode file for STMicroelectronics.X-CUBE-DISPLAY.3.0.0
2023-04-18 04:45:53,059 [WARN] PackLoader:240 - Cannot read IP mode file for wolfSSL.I-CUBE-wolfSSL.5.5.4
2023-04-18 04:45:53,062 [WARN] PackLoader:240 - Cannot read IP mode file for STMicroelectronics.X-CUBE-NFC7.1.0.0
2023-04-18 04:45:53,066 [WARN] PackLoader:240 - Cannot read IP mode file for STMicroelectronics.X-CUBE-EEPRMA1.4.1.0
2023-04-18 04:45:53,071 [WARN] PackLoader:240 - Cannot read IP mode file for WES.I-CUBE-Cesium.1.3.0
2023-04-18 04:45:53,074 [WARN] PackLoader:240 - Cannot read IP mode file for STMicroelectronics.X-CUBE-SFXS2LP1.4.0.0
2023-04-18 04:45:53,078 [WARN] PackLoader:240 - Cannot read IP mode file for STMicroelectronics.X-CUBE-BLE2.3.3.0
2023-04-18 04:45:53,084 [WARN] PackLoader:240 - Cannot read IP mode file for STMicroelectronics.X-CUBE-TOF1.3.2.0
2023-04-18 04:45:53,113 [WARN] PackLoader:240 - Cannot read IP mode file for STMicroelectronics.X-CUBE-AZRTOS-H7.3.0.0
2023-04-18 04:45:53,119 [WARN] PackLoader:240 - Cannot read IP mode file for STMicroelectronics.X-CUBE-ISPU.1.1.0
2023-04-18 04:45:53,124 [WARN] PackLoader:240 - Cannot read IP mode file for RoweBots.I-CUBE-UNISONRTOS.5.5.0-4
2023-04-18 04:45:53,126 [WARN] PackLoader:240 - Cannot read IP mode file for STMicroelectronics.X-CUBE-AI.8.0.0
2023-04-18 04:45:53,129 [WARN] PackLoader:240 - Cannot read IP mode file for STMicroelectronics.X-CUBE-FREERTOS.1.0.0
2023-04-18 04:45:53,132 [WARN] PackLoader:240 - Cannot read IP mode file for STMicroelectronics.X-CUBE-FREERTOS.1.0.1
2023-04-18 04:45:53,134 [WARN] PackLoader:240 - Cannot read IP mode file for STMicroelectronics.X-CUBE-TOUCHGFX.4.21.1
2023-04-18 04:45:53,136 [WARN] PackLoader:240 - Cannot read IP mode file for STMicroelectronics.X-CUBE-TOUCHGFX.4.21.3
2023-04-18 04:45:53,138 [WARN] PackLoader:240 - Cannot read IP mode file for STMicroelectronics.X-CUBE-AI.7.3.0
2023-04-18 04:45:53,142 [WARN] PackLoader:240 - Cannot read IP mode file for STMicroelectronics.X-CUBE-ALGOBUILD.1.3.0
2023-04-18 04:45:53,153 [WARN] PackLoader:240 - Cannot read IP mode file for STMicroelectronics.X-CUBE-AZRTOS-L5.1.1.0
2023-04-18 04:45:53,167 [WARN] PackLoader:240 - Cannot read IP mode file for STMicroelectronics.X-CUBE-AZRTOS-G0.1.1.0
2023-04-18 04:45:53,176 [WARN] PackLoader:240 - Cannot read IP mode file for STMicroelectronics.X-CUBE-SUBG2.5.0.0
2023-04-18 04:45:53,185 [WARN] PackLoader:240 - Cannot read IP mode file for STMicroelectronics.X-CUBE-NFC4.3.0.0
2023-04-18 04:45:53,193 [WARN] PackLoader:240 - Cannot read IP mode file for STMicroelectronics.X-CUBE-TOF1.3.3.0
2023-04-18 04:45:53,204 [WARN] PackLoader:240 - Cannot read IP mode file for STMicroelectronics.FP-ATR-ASTRA1.1.1.1
2023-04-18 04:45:53,209 [WARN] PackLoader:240 - Cannot read IP mode file for STMicroelectronics.X-CUBE-BLEMGR.1.3.0
2023-04-18 04:45:53,221 [WARN] PackLoader:240 - Cannot read IP mode file for STMicroelectronics.X-CUBE-AZRTOS-G4.1.0.0
2023-04-18 04:45:53,224 [WARN] PackLoader:240 - Cannot read IP mode file for STMicroelectronics.FP-ATR-SIGFOX1.3.2.0
2023-04-18 04:45:53,236 [WARN] PackLoader:240 - Cannot read IP mode file for STMicroelectronics.X-CUBE-AZRTOS-L4.1.0.0
2023-04-18 04:45:53,245 [WARN] PackLoader:240 - Cannot read IP mode file for STMicroelectronics.X-CUBE-AZRTOS-WL.1.0.0
2023-04-18 04:45:53,249 [WARN] PackLoader:240 - Cannot read IP mode file for portGmbH.I-Cube-SoM-uGOAL.1.1.0
2023-04-18 04:45:53,251 [WARN] PackLoader:240 - Cannot read IP mode file for STMicroelectronics.X-CUBE-ALS.1.0.1
2023-04-18 04:45:53,276 [WARN] PackLoader:240 - Cannot read IP mode file for STMicroelectronics.X-CUBE-MEMS1.9.5.0
2023-04-18 04:45:53,400 [WARN] PackLoader:240 - Cannot read IP mode file for STMicroelectronics.X-CUBE-AZRTOS-WB.1.1.0
2023-04-18 04:45:53,427 [WARN] PackLoader:240 - Cannot read IP mode file for SEGGER.I-CUBE-embOS.1.3.1
2023-04-18 04:45:53,470 [WARN] PackLoader:240 - Cannot read IP mode file for STMicroelectronics.FP-ATR-ASTRA1.2.0.0
2023-04-18 04:45:53,471 [INFO] ThirdParty:978 - Integrity check success = true
2023-04-18 04:45:53,471 [INFO] IntegrityCheckThread:100 - exiting critical section [integrity check]
2023-04-18 04:45:53,471 [INFO] IntegrityCheckThread:103 - End integrity checks thread
2023-04-18 04:45:53,809 [INFO] LoadUrlFilesThread:185 - End of LoadServerUrlFiles without Thread
2023-04-18 04:45:53,817 [INFO] DetailPanel:341 - Set advertising image to /home/jamesyoung/STM32Cube/Repository//en.prom-stm32h5-mcu-finder.jpg
2023-04-18 04:45:56,097 [INFO] McuFinderGlobals:66 - Set McuFinderConnectedMode to true
2023-04-18 04:45:56,560 [INFO] ApiDb:448 - Save user favorites file /home/jamesyoung/.stm32cubeide/favorites.mcus.txt: 0 item(s)
2023-04-18 04:45:56,560 [INFO] ApiDb:452 - User favorites MCUs=[]
2023-04-18 04:47:48,525 [INFO] MainUpdater:2854 - connection check result : 10
2023-04-18 04:47:48,619 [INFO] McuFinderGlobals:66 - Set McuFinderConnectedMode to true
2023-04-18 04:47:48,619 [INFO] MultiScanPanel:200 - Auto-refresh data requested => check proxy status ongoing
2023-04-18 04:47:48,619 [INFO] FinderPluginLoader:95 - Searching for filters in installed packs
2023-04-18 04:47:49,132 [INFO] LoadUrlFilesThread:185 - End of LoadServerUrlFiles without Thread
2023-04-18 04:47:49,132 [INFO] DetailPanel:341 - Set advertising image to /home/jamesyoung/STM32Cube/Repository//en.prom-stm32h5-mcu-finder.jpg
2023-04-18 04:48:01,403 [INFO] MainUpdater:2854 - connection check result : 10
2023-04-18 04:48:01,501 [INFO] McuFinderGlobals:66 - Set McuFinderConnectedMode to true
2023-04-18 04:48:01,502 [INFO] MultiScanPanel:200 - Auto-refresh data requested => check proxy status ongoing
2023-04-18 04:48:01,502 [INFO] FinderPluginLoader:95 - Searching for filters in installed packs
2023-04-18 04:48:01,902 [INFO] LoadUrlFilesThread:185 - End of LoadServerUrlFiles without Thread
2023-04-18 04:48:01,902 [INFO] DetailPanel:341 - Set advertising image to /home/jamesyoung/STM32Cube/Repository//en.prom-stm32h5-mcu-finder.jpg
2023-04-18 04:48:15,018 [INFO] MainUpdater:2854 - connection check result : 10
2023-04-18 04:48:15,018 [INFO] MainUpdater:2854 - connection check result : 10
2023-04-18 04:48:15,028 [INFO] MicroXplorer:468 - Change Database Path : 
2023-04-18 04:48:15,028 [INFO] MicroXplorer:498 - Change Database Version : DB.6.0.80
2023-04-18 04:48:15,028 [WARN] ThirdParty:871 - waiting for thirdparty lock release [close project]
2023-04-18 04:48:15,028 [INFO] ThirdParty:873 - entering critical section [close project]
2023-04-18 04:48:15,029 [INFO] ThirdParty:883 - exiting critical section [close project]
2023-04-18 04:48:15,030 [INFO] PinOutPanel:1499 - setPackage(No Configuration,No Configuration)
2023-04-18 04:48:15,033 [INFO] UtilMem:75 - Begin LoadConfig() Used Memory: 302113664 Bytes (468713472)
2023-04-18 04:48:15,035 [INFO] MicroXplorer:468 - Change Database Path : /home/jamesyoung/.stm32cubemx/databases/DB.6.0.70/db/
2023-04-18 04:48:15,035 [INFO] MicroXplorer:498 - Change Database Version : DB.6.0.70
2023-04-18 04:48:17,492 [INFO] OpenFileManager:308 - Change cursor
2023-04-18 04:48:17,514 [INFO] Mcu:1937 - Initializing MCU STM32F103V(C-D-E)Tx STM32F103VETx STM32F103VET6
2023-04-18 04:48:18,101 [INFO] Context:659 - Trying to add GPIOservice into a context  which must be forbidden
2023-04-18 04:48:18,407 [INFO] RtosManager:555 - Registered RTOS mode: class=CMSIS, group=RTOS, mode=CMSIS_V1, owner=FREERTOS
2023-04-18 04:48:18,407 [INFO] RtosManager:555 - Registered RTOS mode: class=CMSIS, group=RTOS2, mode=CMSIS_V2, owner=FREERTOS
2023-04-18 04:48:18,407 [INFO] RtosManager:555 - Registered RTOS mode: class=RTOS, group=Core, mode=CMSIS_V1, owner=FREERTOS
2023-04-18 04:48:18,407 [INFO] RtosManager:555 - Registered RTOS mode: class=RTOS, group=Core, mode=CMSIS_V2, owner=FREERTOS
2023-04-18 04:48:18,407 [WARN] ModelIntegratedComponent:184 - Missing modes for component STMicroelectronics:FreeRTOS:0.0.1:STMicroelectronics:RTOS:FreeRTOS:Core:::10.2.0:
2023-04-18 04:48:18,427 [WARN] ModelIntegratedComponent:63 - No mode defined for component null
2023-04-18 04:48:18,427 [WARN] ModelIntegratedComponent:63 - No mode defined for component null
2023-04-18 04:48:18,427 [WARN] ModelIntegratedComponent:63 - No mode defined for component null
2023-04-18 04:48:18,427 [WARN] ModelIntegratedComponent:63 - No mode defined for component null
2023-04-18 04:48:18,427 [WARN] ModelIntegratedComponent:63 - No mode defined for component null
2023-04-18 04:48:18,427 [WARN] ModelIntegratedComponent:63 - No mode defined for component null
2023-04-18 04:48:18,427 [WARN] ModelIntegratedComponent:63 - No mode defined for component null
2023-04-18 04:48:18,427 [WARN] ModelIntegratedComponent:63 - No mode defined for component null
2023-04-18 04:48:18,427 [WARN] ModelIntegratedComponent:63 - No mode defined for component null
2023-04-18 04:48:18,427 [WARN] ModelIntegratedComponent:63 - No mode defined for component null
2023-04-18 04:48:18,427 [WARN] ModelIntegratedComponent:63 - No mode defined for component null
2023-04-18 04:48:18,427 [WARN] ModelIntegratedComponent:63 - No mode defined for component null
2023-04-18 04:48:18,427 [WARN] ModelIntegratedComponent:63 - No mode defined for component null
2023-04-18 04:48:18,427 [WARN] ModelIntegratedComponent:63 - No mode defined for component null
2023-04-18 04:48:18,427 [WARN] ModelIntegratedComponent:63 - No mode defined for component null
2023-04-18 04:48:18,427 [WARN] ModelIntegratedComponent:63 - No mode defined for component null
2023-04-18 04:48:18,427 [WARN] ModelIntegratedComponent:63 - No mode defined for component null
2023-04-18 04:48:18,427 [WARN] ModelIntegratedComponent:63 - No mode defined for component null
2023-04-18 04:48:18,428 [WARN] ModelIntegratedComponent:63 - No mode defined for component null
2023-04-18 04:48:18,428 [WARN] ModelIntegratedComponent:63 - No mode defined for component null
2023-04-18 04:48:18,428 [WARN] ModelIntegratedComponent:63 - No mode defined for component null
2023-04-18 04:48:18,428 [WARN] ModelIntegratedComponent:63 - No mode defined for component null
2023-04-18 04:48:18,428 [WARN] ModelIntegratedComponent:63 - No mode defined for component null
2023-04-18 04:48:18,428 [WARN] ModelIntegratedComponent:63 - No mode defined for component null
2023-04-18 04:48:18,428 [WARN] ModelIntegratedComponent:63 - No mode defined for component null
2023-04-18 04:48:18,428 [WARN] ModelIntegratedComponent:63 - No mode defined for component null
2023-04-18 04:48:18,428 [WARN] ModelIntegratedComponent:63 - No mode defined for component null
2023-04-18 04:48:18,428 [WARN] ModelIntegratedComponent:63 - No mode defined for component null
2023-04-18 04:48:18,428 [WARN] ModelIntegratedComponent:63 - No mode defined for component null
2023-04-18 04:48:18,428 [WARN] ModelIntegratedComponent:63 - No mode defined for component null
2023-04-18 04:48:18,428 [WARN] ModelIntegratedComponent:63 - No mode defined for component null
2023-04-18 04:48:18,428 [WARN] ModelIntegratedComponent:63 - No mode defined for component null
2023-04-18 04:48:18,428 [WARN] ModelIntegratedComponent:63 - No mode defined for component null
2023-04-18 04:48:18,510 [INFO] ThirdPartyModel:298 - Start build external matchings
2023-04-18 04:48:18,767 [INFO] ThirdPartyModel:316 - End build external matchings
2023-04-18 04:48:18,783 [INFO] ImportTextPane:194 - (OptionalMessage_ERROR) IP (DMA) : Parameter (Instance) has Id (MEMTOMEM1) currently not set
2023-04-18 04:48:18,783 [INFO] ImportTextPane:194 - (OptionalMessage_ERROR) IP (DMA) : Parameter (Direction) has Id (MEMTOMEM1) currently not set
2023-04-18 04:48:18,783 [INFO] ImportTextPane:194 - (OptionalMessage_ERROR) IP (DMA) : Parameter (PeriphInc) has Id (MEMTOMEM1) currently not set
2023-04-18 04:48:18,783 [INFO] ImportTextPane:194 - (OptionalMessage_ERROR) IP (DMA) : Parameter (MemInc) has Id (MEMTOMEM1) currently not set
2023-04-18 04:48:18,783 [INFO] ImportTextPane:194 - (OptionalMessage_ERROR) IP (DMA) : Parameter (PeriphDataAlignment) has Id (MEMTOMEM1) currently not set
2023-04-18 04:48:18,783 [INFO] ImportTextPane:194 - (OptionalMessage_ERROR) IP (DMA) : Parameter (MemDataAlignment) has Id (MEMTOMEM1) currently not set
2023-04-18 04:48:18,784 [INFO] ImportTextPane:194 - (OptionalMessage_ERROR) IP (DMA) : Parameter (Mode) has Id (MEMTOMEM1) currently not set
2023-04-18 04:48:18,784 [INFO] ImportTextPane:194 - (OptionalMessage_ERROR) IP (DMA) : Parameter (Priority) has Id (MEMTOMEM1) currently not set
2023-04-18 04:48:18,784 [INFO] ImportTextPane:194 - (OptionalMessage_ERROR) IP (DMA) : Parameter (Instance) has Id (USART3_RX) currently not set
2023-04-18 04:48:18,784 [INFO] ImportTextPane:194 - (OptionalMessage_ERROR) IP (DMA) : Parameter (Direction) has Id (USART3_RX) currently not set
2023-04-18 04:48:18,784 [INFO] ImportTextPane:194 - (OptionalMessage_ERROR) IP (DMA) : Parameter (PeriphInc) has Id (USART3_RX) currently not set
2023-04-18 04:48:18,784 [INFO] ImportTextPane:194 - (OptionalMessage_ERROR) IP (DMA) : Parameter (MemInc) has Id (USART3_RX) currently not set
2023-04-18 04:48:18,784 [INFO] ImportTextPane:194 - (OptionalMessage_ERROR) IP (DMA) : Parameter (PeriphDataAlignment) has Id (USART3_RX) currently not set
2023-04-18 04:48:18,784 [INFO] ImportTextPane:194 - (OptionalMessage_ERROR) IP (DMA) : Parameter (MemDataAlignment) has Id (USART3_RX) currently not set
2023-04-18 04:48:18,784 [INFO] ImportTextPane:194 - (OptionalMessage_ERROR) IP (DMA) : Parameter (Mode) has Id (USART3_RX) currently not set
2023-04-18 04:48:18,784 [INFO] ImportTextPane:194 - (OptionalMessage_ERROR) IP (DMA) : Parameter (Priority) has Id (USART3_RX) currently not set
2023-04-18 04:48:18,784 [INFO] ImportTextPane:194 - (OptionalMessage_ERROR) IP (DMA) : Parameter (Instance) has Id (USART3_TX) currently not set
2023-04-18 04:48:18,784 [INFO] ImportTextPane:194 - (OptionalMessage_ERROR) IP (DMA) : Parameter (Direction) has Id (USART3_TX) currently not set
2023-04-18 04:48:18,784 [INFO] ImportTextPane:194 - (OptionalMessage_ERROR) IP (DMA) : Parameter (PeriphInc) has Id (USART3_TX) currently not set
2023-04-18 04:48:18,784 [INFO] ImportTextPane:194 - (OptionalMessage_ERROR) IP (DMA) : Parameter (MemInc) has Id (USART3_TX) currently not set
2023-04-18 04:48:18,784 [INFO] ImportTextPane:194 - (OptionalMessage_ERROR) IP (DMA) : Parameter (PeriphDataAlignment) has Id (USART3_TX) currently not set
2023-04-18 04:48:18,784 [INFO] ImportTextPane:194 - (OptionalMessage_ERROR) IP (DMA) : Parameter (MemDataAlignment) has Id (USART3_TX) currently not set
2023-04-18 04:48:18,784 [INFO] ImportTextPane:194 - (OptionalMessage_ERROR) IP (DMA) : Parameter (Mode) has Id (USART3_TX) currently not set
2023-04-18 04:48:18,784 [INFO] ImportTextPane:194 - (OptionalMessage_ERROR) IP (DMA) : Parameter (Priority) has Id (USART3_TX) currently not set
2023-04-18 04:48:18,788 [INFO] ImportTextPane:194 - (OptionalMessage_ERROR) IP (RCC) : Parameter (ADCFreqValue) has invalid value (36000000)
2023-04-18 04:48:18,788 [INFO] ImportTextPane:194 - (OptionalMessage_ERROR) IP (RCC) : Invalid parameter (FamilyName)
2023-04-18 04:48:18,788 [INFO] ImportTextPane:194 - (OptionalMessage_ERROR) IP (RCC) : Parameter (MCOFreq_Value) has invalid value (72000000)
2023-04-18 04:48:18,788 [INFO] ImportTextPane:194 - (OptionalMessage_ERROR) IP (RCC) : Parameter (USBFreq_Value) has invalid value (72000000)
2023-04-18 04:48:18,949 [INFO] UtilMem:75 - End LoadConfig() Used Memory: 244685376 Bytes (468713472)
2023-04-18 04:48:18,950 [INFO] ApiDb:581 - Connected to CubeFinder SQLite database (/home/jamesyoung/.stmcufinder/plugins/mcufinder/mcu/cube-finder-db.db)
2023-04-18 04:48:19,030 [WARN] ThirdParty:833 - waiting for thirdparty lock release [change project]
2023-04-18 04:48:19,030 [INFO] ThirdParty:835 - entering critical section [change project]
2023-04-18 04:48:19,030 [INFO] ThirdParty:1030 - CMSIS Pack Vendor :STMicroelectronics X-CUBE-ISPU 1.1.0
2023-04-18 04:48:19,030 [INFO] ThirdParty:1030 - CMSIS Pack Vendor :RoweBots I-CUBE-UNISONRTOS 5.5.0-4
2023-04-18 04:48:19,030 [INFO] ThirdParty:1030 - CMSIS Pack Vendor :STMicroelectronics X-CUBE-GNSS1 6.0.0
2023-04-18 04:48:19,030 [INFO] ThirdParty:1030 - CMSIS Pack Vendor :STMicroelectronics USB_HOST 2.0.0
2023-04-18 04:48:19,030 [INFO] ThirdParty:1030 - CMSIS Pack Vendor :STMicroelectronics X-CUBE-AZRTOS-F4 1.1.0
2023-04-18 04:48:19,030 [INFO] ThirdParty:1030 - CMSIS Pack Vendor :STMicroelectronics LIBJPEG 8.0.0
2023-04-18 04:48:19,030 [INFO] ThirdParty:1030 - CMSIS Pack Vendor :STMicroelectronics X-CUBE-SMBUS 2.1.0
2023-04-18 04:48:19,030 [INFO] ThirdParty:1030 - CMSIS Pack Vendor :STMicroelectronics USB_DEVICE 3.0.0
2023-04-18 04:48:19,030 [INFO] ThirdParty:1030 - CMSIS Pack Vendor :STMicroelectronics X-CUBE-AI 8.0.0
2023-04-18 04:48:19,030 [INFO] ThirdParty:1030 - CMSIS Pack Vendor :STMicroelectronics X-CUBE-FREERTOS 1.0.0
2023-04-18 04:48:19,030 [INFO] ThirdParty:1030 - CMSIS Pack Vendor :STMicroelectronics X-CUBE-FREERTOS 1.0.1
2023-04-18 04:48:19,030 [INFO] ThirdParty:1030 - CMSIS Pack Vendor :STMicroelectronics X-CUBE-TOUCHGFX 4.21.1
2023-04-18 04:48:19,030 [INFO] ThirdParty:1030 - CMSIS Pack Vendor :STMicroelectronics X-CUBE-TOUCHGFX 4.21.3
2023-04-18 04:48:19,030 [INFO] ThirdParty:1030 - CMSIS Pack Vendor :STMicroelectronics X-CUBE-AZRTOS-F7 1.1.0
2023-04-18 04:48:19,030 [INFO] ThirdParty:1030 - CMSIS Pack Vendor :STMicroelectronics USB_DEVICE 2.0.0
2023-04-18 04:48:19,030 [INFO] ThirdParty:1030 - CMSIS Pack Vendor :STMicroelectronics X-CUBE-AI 7.3.0
2023-04-18 04:48:19,030 [INFO] ThirdParty:1030 - CMSIS Pack Vendor :STMicroelectronics X-CUBE-ALGOBUILD 1.3.0
2023-04-18 04:48:19,030 [INFO] ThirdParty:1030 - CMSIS Pack Vendor :STMicroelectronics X-CUBE-BLE1 6.2.4
2023-04-18 04:48:19,030 [INFO] ThirdParty:1030 - CMSIS Pack Vendor :STMicroelectronics X-CUBE-AZRTOS-L5 1.1.0
2023-04-18 04:48:19,030 [INFO] ThirdParty:1030 - CMSIS Pack Vendor :STMicroelectronics FreeRTOS 0.0.1
2023-04-18 04:48:19,030 [INFO] ThirdParty:1030 - CMSIS Pack Vendor :emotas I-CUBE-CANOPEN 1.1.3
2023-04-18 04:48:19,031 [INFO] ThirdParty:1030 - CMSIS Pack Vendor :STMicroelectronics X-CUBE-AZRTOS-G0 1.1.0
2023-04-18 04:48:19,031 [INFO] ThirdParty:1030 - CMSIS Pack Vendor :STMicroelectronics X-CUBE-BLEMGR 2.0.0
2023-04-18 04:48:19,031 [INFO] ThirdParty:1030 - CMSIS Pack Vendor :STMicroelectronics X-CUBE-SUBG2 5.0.0
2023-04-18 04:48:19,031 [INFO] ThirdParty:1030 - CMSIS Pack Vendor :STMicroelectronics X-CUBE-NFC4 3.0.0
2023-04-18 04:48:19,031 [INFO] ThirdParty:1030 - CMSIS Pack Vendor :STMicroelectronics STM32_WPAN 1.0.0
2023-04-18 04:48:19,031 [INFO] ThirdParty:1030 - CMSIS Pack Vendor :STMicroelectronics lwIP 2.0.3
2023-04-18 04:48:19,031 [INFO] ThirdParty:1030 - CMSIS Pack Vendor :STMicroelectronics USB_HOST 1.0.0
2023-04-18 04:48:19,031 [INFO] ThirdParty:1030 - CMSIS Pack Vendor :STMicroelectronics PDM2PCM 3.1.0
2023-04-18 04:48:19,031 [INFO] ThirdParty:1030 - CMSIS Pack Vendor :STMicroelectronics X-CUBE-AZRTOS-H7 3.1.0
2023-04-18 04:48:19,031 [INFO] ThirdParty:1030 - CMSIS Pack Vendor :STMicroelectronics X-CUBE-TOF1 3.3.0
2023-04-18 04:48:19,031 [INFO] ThirdParty:1030 - CMSIS Pack Vendor :STMicroelectronics FP-ATR-ASTRA1 1.1.1
2023-04-18 04:48:19,031 [INFO] ThirdParty:1030 - CMSIS Pack Vendor :STMicroelectronics PDM2PCM 3.3.0
2023-04-18 04:48:19,031 [INFO] ThirdParty:1030 - CMSIS Pack Vendor :STMicroelectronics X-CUBE-DISPLAY 3.0.0
2023-04-18 04:48:19,031 [INFO] ThirdParty:1030 - CMSIS Pack Vendor :STMicroelectronics X-CUBE-BLEMGR 1.3.0
2023-04-18 04:48:19,031 [INFO] ThirdParty:1030 - CMSIS Pack Vendor :STMicroelectronics X-CUBE-AZRTOS-G4 1.0.0
2023-04-18 04:48:19,031 [INFO] ThirdParty:1030 - CMSIS Pack Vendor :STMicroelectronics FP-ATR-SIGFOX1 3.2.0
2023-04-18 04:48:19,031 [INFO] ThirdParty:1030 - CMSIS Pack Vendor :wolfSSL I-CUBE-wolfSSL 5.5.4
2023-04-18 04:48:19,031 [INFO] ThirdParty:1030 - CMSIS Pack Vendor :STMicroelectronics X-CUBE-AZRTOS-L4 1.0.0
2023-04-18 04:48:19,031 [INFO] ThirdParty:1030 - CMSIS Pack Vendor :STMicroelectronics HAL Drivers 0.0.0
2023-04-18 04:48:19,031 [INFO] ThirdParty:1030 - CMSIS Pack Vendor :STMicroelectronics MBEDTLS 2.16.2
2023-04-18 04:48:19,031 [INFO] ThirdParty:1030 - CMSIS Pack Vendor :STMicroelectronics MBEDTLS 2.14.1
2023-04-18 04:48:19,031 [INFO] ThirdParty:1030 - CMSIS Pack Vendor :STMicroelectronics X-CUBE-NFC7 1.0.0
2023-04-18 04:48:19,031 [INFO] ThirdParty:1030 - CMSIS Pack Vendor :STMicroelectronics X-CUBE-AZRTOS-WL 1.0.0
2023-04-18 04:48:19,031 [INFO] ThirdParty:1030 - CMSIS Pack Vendor :STMicroelectronics X-CUBE-EEPRMA1 4.1.0
2023-04-18 04:48:19,031 [INFO] ThirdParty:1030 - CMSIS Pack Vendor :portGmbH I-Cube-SoM-uGOAL 1.1.0
2023-04-18 04:48:19,031 [INFO] ThirdParty:1030 - CMSIS Pack Vendor :STMicroelectronics X-CUBE-ALS 1.0.1
2023-04-18 04:48:19,031 [INFO] ThirdParty:1030 - CMSIS Pack Vendor :STMicroelectronics X-CUBE-MEMS1 9.5.0
2023-04-18 04:48:19,031 [INFO] ThirdParty:1030 - CMSIS Pack Vendor :STMicroelectronics ThreadX 1.0.0
2023-04-18 04:48:19,031 [INFO] ThirdParty:1030 - CMSIS Pack Vendor :STMicroelectronics X-CUBE-AZRTOS-WB 1.1.0
2023-04-18 04:48:19,032 [INFO] ThirdParty:1030 - CMSIS Pack Vendor :SEGGER I-CUBE-embOS 1.3.1
2023-04-18 04:48:19,032 [INFO] ThirdParty:1030 - CMSIS Pack Vendor :STMicroelectronics USB_DEVICE 1.0.0
2023-04-18 04:48:19,032 [INFO] ThirdParty:1030 - CMSIS Pack Vendor :STMicroelectronics ThreadX 0.0.2
2023-04-18 04:48:19,032 [INFO] ThirdParty:1030 - CMSIS Pack Vendor :WES I-CUBE-Cesium 1.3.0
2023-04-18 04:48:19,032 [INFO] ThirdParty:1030 - CMSIS Pack Vendor :STMicroelectronics FP-ATR-ASTRA1 2.0.0
2023-04-18 04:48:19,032 [INFO] ThirdParty:1030 - CMSIS Pack Vendor :STMicroelectronics lwIP 2.1.2
2023-04-18 04:48:19,032 [INFO] ThirdParty:1030 - CMSIS Pack Vendor :STMicroelectronics X-CUBE-SFXS2LP1 4.0.0
2023-04-18 04:48:19,032 [INFO] ThirdParty:1030 - CMSIS Pack Vendor :STMicroelectronics X-CUBE-BLE2 3.3.0
2023-04-18 04:48:19,032 [INFO] ThirdParty:1030 - CMSIS Pack Vendor :STMicroelectronics X-CUBE-TOF1 3.2.0
2023-04-18 04:48:19,032 [INFO] ThirdParty:1030 - CMSIS Pack Vendor :STMicroelectronics PDM2PCM 3.2.0
2023-04-18 04:48:19,032 [INFO] ThirdParty:1030 - CMSIS Pack Vendor :STMicroelectronics X-CUBE-AZRTOS-H7 3.0.0
2023-04-18 04:48:19,032 [INFO] ThirdParty:841 - exiting critical section [change project]
2023-04-18 04:48:19,237 [INFO] PinOutPanel:1499 - setPackage(No Configuration,No Configuration)
2023-04-18 04:48:19,238 [INFO] PinOutPanel:1499 - setPackage(STM32F103VETx,LQFP100)
2023-04-18 04:48:19,611 [INFO] UtilMem:75 - Before build in PCC Used Memory: 352283512 Bytes (468713472)
2023-04-18 04:48:19,963 [INFO] UtilMem:75 - After build in PCC Used Memory: 328190056 Bytes (468713472)
2023-04-18 04:48:19,980 [INFO] IPUIPlugin:80 - create IPUIPlugin
2023-04-18 04:48:19,980 [INFO] IPUIPlugin:80 - create IPUIPlugin
2023-04-18 04:48:19,980 [INFO] IPUIPlugin:80 - create IPUIPlugin
2023-04-18 04:48:19,981 [INFO] IPUIPlugin:80 - create IPUIPlugin
2023-04-18 04:48:19,981 [INFO] IPUIPlugin:80 - create IPUIPlugin
2023-04-18 04:48:19,981 [INFO] IPUIPlugin:80 - create IPUIPlugin
2023-04-18 04:48:19,981 [INFO] IPUIPlugin:80 - create IPUIPlugin
2023-04-18 04:48:19,981 [INFO] IPUIPlugin:80 - create IPUIPlugin
2023-04-18 04:48:19,981 [INFO] IPUIPlugin:80 - create IPUIPlugin
2023-04-18 04:48:19,981 [INFO] IPUIPlugin:80 - create IPUIPlugin
2023-04-18 04:48:19,981 [INFO] IPUIPlugin:80 - create IPUIPlugin
2023-04-18 04:48:19,981 [INFO] IPUIPlugin:80 - create IPUIPlugin
2023-04-18 04:48:19,981 [INFO] IPUIPlugin:80 - create IPUIPlugin
2023-04-18 04:48:19,982 [INFO] IPUIPlugin:80 - create IPUIPlugin
2023-04-18 04:48:19,982 [INFO] IPUIPlugin:80 - create IPUIPlugin
2023-04-18 04:48:19,982 [INFO] IPUIPlugin:80 - create IPUIPlugin
2023-04-18 04:48:19,982 [INFO] IPUIPlugin:80 - create IPUIPlugin
2023-04-18 04:48:19,982 [INFO] IPUIPlugin:80 - create IPUIPlugin
2023-04-18 04:48:19,982 [INFO] IPUIPlugin:80 - create IPUIPlugin
2023-04-18 04:48:19,982 [INFO] IPUIPlugin:80 - create IPUIPlugin
2023-04-18 04:48:19,982 [INFO] IPUIPlugin:80 - create IPUIPlugin
2023-04-18 04:48:19,983 [INFO] IPUIPlugin:80 - create IPUIPlugin
2023-04-18 04:48:19,983 [INFO] IPUIPlugin:80 - create IPUIPlugin
2023-04-18 04:48:19,983 [INFO] IPUIPlugin:80 - create IPUIPlugin
2023-04-18 04:48:19,983 [INFO] IPUIPlugin:80 - create IPUIPlugin
2023-04-18 04:48:19,983 [INFO] IPUIPlugin:80 - create IPUIPlugin
2023-04-18 04:48:19,983 [INFO] IPUIPlugin:80 - create IPUIPlugin
2023-04-18 04:48:19,983 [INFO] IPUIPlugin:80 - create IPUIPlugin
2023-04-18 04:48:19,983 [INFO] IPUIPlugin:80 - create IPUIPlugin
2023-04-18 04:48:19,983 [INFO] IPUIPlugin:80 - create IPUIPlugin
2023-04-18 04:48:19,983 [INFO] IPUIPlugin:80 - create IPUIPlugin
2023-04-18 04:48:19,984 [INFO] IPUIPlugin:80 - create IPUIPlugin
2023-04-18 04:48:19,984 [INFO] IPUIPlugin:80 - create IPUIPlugin
2023-04-18 04:48:19,984 [INFO] IPUIPlugin:80 - create IPUIPlugin
2023-04-18 04:48:19,984 [INFO] IPUIPlugin:80 - create IPUIPlugin
2023-04-18 04:48:19,984 [INFO] IPUIPlugin:80 - create IPUIPlugin
2023-04-18 04:48:19,984 [INFO] IPUIPlugin:80 - create IPUIPlugin
2023-04-18 04:48:19,984 [INFO] IPUIPlugin:80 - create IPUIPlugin
2023-04-18 04:48:19,985 [INFO] IPUIPlugin:80 - create IPUIPlugin
2023-04-18 04:48:19,985 [INFO] IPUIPlugin:80 - create IPUIPlugin
2023-04-18 04:48:20,129 [INFO] CADModel:165 - CPN selected for project levelSTM32F103VET6
2023-04-18 04:48:20,129 [INFO] CADModel:114 - Register for checkConnection events
2023-04-18 04:48:20,166 [INFO] OpenFileManager:328 - Restore cursor
2023-04-18 04:48:20,602 [INFO] UtilMem:75 - End SaveConfig() Used Memory: 356908440 Bytes (468713472)
2023-04-18 04:48:20,655 [INFO] UtilMem:75 - End SaveConfig() Used Memory: 373685656 Bytes (468713472)
2023-04-18 04:48:21,131 [INFO] BlockDiagram:2759 - set Specific Code input for plugin: FSMC
2023-04-18 04:48:21,132 [INFO] BlockDiagram:2759 - set Specific Code input for plugin: NVIC
2023-04-18 04:48:21,132 [INFO] BlockDiagram:2759 - set Specific Code input for plugin: USART
2023-04-18 04:48:21,132 [INFO] BlockDiagram:2759 - set Specific Code input for plugin: DMA
2023-04-18 04:48:21,132 [INFO] BlockDiagram:2759 - set Specific Code input for plugin: TIM1_8F1
2023-04-18 04:48:21,132 [INFO] BlockDiagram:2759 - set Specific Code input for plugin: TIM1_8F1
2023-04-18 04:48:21,132 [INFO] BlockDiagram:2759 - set Specific Code input for plugin: SYS
2023-04-18 04:48:21,132 [INFO] BlockDiagram:2759 - set Specific Code input for plugin: GPIO
2023-04-18 04:48:21,132 [INFO] BlockDiagram:2759 - set Specific Code input for plugin: RCC
2023-04-18 04:48:21,132 [INFO] BlockDiagram:2759 - set Specific Code input for plugin: CRC
2023-04-18 04:48:21,133 [INFO] CodeGenerator:793 - code generatio: config db path: /home/jamesyoung/.stm32cubemx/databases/DB.6.0.70/db/
2023-04-18 04:48:21,308 [INFO] CodeEngine:255 - oldGeneratedFile, /home/jamesyoung/Documents/School/ELEC3300-Project/cubemx_workspace/Project-Backup/MXTmpFiles/license.tmp_save
2023-04-18 04:48:21,635 [INFO] CodeEngine:279 - Generated code: /home/jamesyoung/Documents/School/ELEC3300-Project/cubemx_workspace/Project-Backup/MXTmpFiles/license.tmp
2023-04-18 04:48:21,740 [INFO] CodeEngine:255 - oldGeneratedFile, /home/jamesyoung/Documents/School/ELEC3300-Project/cubemx_workspace/Project-Backup/MXTmpFiles/gpio.tmp_save
2023-04-18 04:48:21,857 [INFO] CodeEngine:279 - Generated code: /home/jamesyoung/Documents/School/ELEC3300-Project/cubemx_workspace/Project-Backup/MXTmpFiles/gpio.tmp
2023-04-18 04:48:22,375 [INFO] CodeEngine:255 - oldGeneratedFile, /home/jamesyoung/Documents/School/ELEC3300-Project/cubemx_workspace/Project-Backup/MXTmpFiles/dma.tmp_save
2023-04-18 04:48:22,451 [INFO] CodeEngine:279 - Generated code: /home/jamesyoung/Documents/School/ELEC3300-Project/cubemx_workspace/Project-Backup/MXTmpFiles/dma.tmp
2023-04-18 04:48:22,463 [INFO] CodeEngine:255 - oldGeneratedFile, /home/jamesyoung/Documents/School/ELEC3300-Project/cubemx_workspace/Project-Backup/MXTmpFiles/dma_GV.tmp_save
2023-04-18 04:48:22,520 [INFO] CodeEngine:279 - Generated code: /home/jamesyoung/Documents/School/ELEC3300-Project/cubemx_workspace/Project-Backup/MXTmpFiles/dma_GV.tmp
2023-04-18 04:48:22,522 [INFO] CodeEngine:255 - oldGeneratedFile, /home/jamesyoung/Documents/School/ELEC3300-Project/cubemx_workspace/Project-Backup/MXTmpFiles/mx_fsmc_HC.tmp_save
2023-04-18 04:48:22,613 [INFO] CodeEngine:279 - Generated code: /home/jamesyoung/Documents/School/ELEC3300-Project/cubemx_workspace/Project-Backup/MXTmpFiles/mx_fsmc_HC.tmp
2023-04-18 04:48:22,614 [INFO] CodeEngine:255 - oldGeneratedFile, /home/jamesyoung/Documents/School/ELEC3300-Project/cubemx_workspace/Project-Backup/MXTmpFiles/mx_fsmc_GV.tmp_save
2023-04-18 04:48:22,661 [INFO] CodeEngine:279 - Generated code: /home/jamesyoung/Documents/School/ELEC3300-Project/cubemx_workspace/Project-Backup/MXTmpFiles/mx_fsmc_GV.tmp
2023-04-18 04:48:22,662 [INFO] CodeEngine:255 - oldGeneratedFile, /home/jamesyoung/Documents/School/ELEC3300-Project/cubemx_workspace/Project-Backup/MXTmpFiles/mx_fsmc_MSP.tmp_save
2023-04-18 04:48:22,720 [INFO] CodeEngine:279 - Generated code: /home/jamesyoung/Documents/School/ELEC3300-Project/cubemx_workspace/Project-Backup/MXTmpFiles/mx_fsmc_MSP.tmp
2023-04-18 04:48:22,725 [INFO] CodeEngine:255 - oldGeneratedFile, /home/jamesyoung/Documents/School/ELEC3300-Project/cubemx_workspace/Project-Backup/Core/Src/stm32f1xx_it.c_save
2023-04-18 04:48:22,792 [INFO] CodeEngine:279 - Generated code: /home/jamesyoung/Documents/School/ELEC3300-Project/cubemx_workspace/Project-Backup/Core/Src/stm32f1xx_it.c
2023-04-18 04:48:22,793 [INFO] CodeEngine:255 - oldGeneratedFile, /home/jamesyoung/Documents/School/ELEC3300-Project/cubemx_workspace/Project-Backup/Core/Inc/stm32f1xx_it.h_save
2023-04-18 04:48:22,839 [INFO] CodeEngine:279 - Generated code: /home/jamesyoung/Documents/School/ELEC3300-Project/cubemx_workspace/Project-Backup/Core/Inc/stm32f1xx_it.h
2023-04-18 04:48:22,840 [INFO] CodeEngine:255 - oldGeneratedFile, /home/jamesyoung/Documents/School/ELEC3300-Project/cubemx_workspace/Project-Backup/MXTmpFiles/mx_fsmc_HC.tmp_save
2023-04-18 04:48:22,891 [INFO] CodeEngine:279 - Generated code: /home/jamesyoung/Documents/School/ELEC3300-Project/cubemx_workspace/Project-Backup/MXTmpFiles/mx_fsmc_HC.tmp
2023-04-18 04:48:22,892 [INFO] CodeEngine:255 - oldGeneratedFile, /home/jamesyoung/Documents/School/ELEC3300-Project/cubemx_workspace/Project-Backup/MXTmpFiles/mx_fsmc_GV.tmp_save
2023-04-18 04:48:22,936 [INFO] CodeEngine:279 - Generated code: /home/jamesyoung/Documents/School/ELEC3300-Project/cubemx_workspace/Project-Backup/MXTmpFiles/mx_fsmc_GV.tmp
2023-04-18 04:48:22,937 [INFO] CodeEngine:255 - oldGeneratedFile, /home/jamesyoung/Documents/School/ELEC3300-Project/cubemx_workspace/Project-Backup/MXTmpFiles/mx_fsmc_MSP.tmp_save
2023-04-18 04:48:22,987 [INFO] CodeEngine:279 - Generated code: /home/jamesyoung/Documents/School/ELEC3300-Project/cubemx_workspace/Project-Backup/MXTmpFiles/mx_fsmc_MSP.tmp
2023-04-18 04:48:22,994 [INFO] CodeEngine:255 - oldGeneratedFile, /home/jamesyoung/Documents/School/ELEC3300-Project/cubemx_workspace/Project-Backup/Core/Src/stm32f1xx_hal_msp.c_save
2023-04-18 04:48:23,066 [INFO] CodeEngine:279 - Generated code: /home/jamesyoung/Documents/School/ELEC3300-Project/cubemx_workspace/Project-Backup/Core/Src/stm32f1xx_hal_msp.c
2023-04-18 04:48:23,067 [INFO] CodeEngine:255 - oldGeneratedFile, /home/jamesyoung/Documents/School/ELEC3300-Project/cubemx_workspace/Project-Backup/MXTmpFiles/system.tmp_save
2023-04-18 04:48:23,117 [INFO] CodeEngine:279 - Generated code: /home/jamesyoung/Documents/School/ELEC3300-Project/cubemx_workspace/Project-Backup/MXTmpFiles/system.tmp
2023-04-18 04:48:23,119 [INFO] CodeEngine:311 - oldGeneratedFile, /home/jamesyoung/Documents/School/ELEC3300-Project/cubemx_workspace/Project-Backup/Core/Inc/stm32f1xx_hal_conf.h_save
2023-04-18 04:48:23,170 [INFO] CodeEngine:335 - Generated code: /home/jamesyoung/Documents/School/ELEC3300-Project/cubemx_workspace/Project-Backup/Core/Inc/stm32f1xx_hal_conf.h
2023-04-18 04:48:23,188 [WARN] IPConfigManager:3431 - IP not found : TIM
2023-04-18 04:48:23,188 [WARN] CodeGenerator:3754 - IP not found : null
2023-04-18 04:48:23,190 [INFO] CodeEngine:255 - oldGeneratedFile, /home/jamesyoung/Documents/School/ELEC3300-Project/cubemx_workspace/Project-Backup/Core/Inc/main.h_save
2023-04-18 04:48:23,249 [INFO] CodeEngine:279 - Generated code: /home/jamesyoung/Documents/School/ELEC3300-Project/cubemx_workspace/Project-Backup/Core/Inc/main.h
2023-04-18 04:48:23,249 [INFO] CodeEngine:255 - oldGeneratedFile, /home/jamesyoung/Documents/School/ELEC3300-Project/cubemx_workspace/Project-Backup/Core/Src/main.c_save
2023-04-18 04:48:23,329 [INFO] CodeEngine:279 - Generated code: /home/jamesyoung/Documents/School/ELEC3300-Project/cubemx_workspace/Project-Backup/Core/Src/main.c
2023-04-18 04:48:23,758 [INFO] ProjectBuilder:2996 - Time for Copy HAL[1] : 20mS.
2023-04-18 04:48:23,770 [INFO] ProjectBuilder:4304 - Project Generator version: 3.19.2
2023-04-18 04:48:24,031 [INFO] ConfigFileManager:1483 - The Die is : DIE414
2023-04-18 04:48:24,038 [INFO] ApiDbMcu:507 - Load IP Config File for FATFS
2023-04-18 04:48:24,040 [INFO] ApiDbMcu:507 - Load IP Config File for FREERTOS
2023-04-18 04:48:24,044 [INFO] ApiDbMcu:507 - Load IP Config File for USB_DEVICE
2023-04-18 04:48:24,687 [INFO] LogOutputStream:77 - [STDOUT_REDIRECT] 
2023-04-18 04:48:26,064 [INFO] ProjectBuilder:4505 - Time for Generating toolchain IDE Files: 2294mS.
2023-04-18 04:48:26,065 [INFO] ProjectBuilder:2867 - Time for Copy CMSIS : 0mS.
2023-04-18 04:48:26,065 [INFO] ProjectBuilder:2867 - Time for Copy CMSIS : 0mS.
2023-04-18 04:48:26,534 [INFO] McuFinderGlobals:66 - Set McuFinderConnectedMode to true
2023-04-18 04:48:26,601 [INFO] ApiDb:448 - Save user favorites file /home/jamesyoung/.stm32cubeide/favorites.mcus.txt: 0 item(s)
2023-04-18 04:48:26,601 [INFO] ApiDb:452 - User favorites MCUs=[]
2023-04-18 04:50:55,333 [ERROR] LogOutputStream:75 - [STDERR_REDIRECT] Exception in thread "AWT-EventQueue-0" org.eclipse.swt.SWTException: Device is disposed
2023-04-18 04:50:55,333 [ERROR] LogOutputStream:75 - [STDERR_REDIRECT] 	at org.eclipse.swt.SWT.error(SWT.java:4918)
2023-04-18 04:50:55,334 [ERROR] LogOutputStream:75 - [STDERR_REDIRECT] 	at org.eclipse.swt.SWT.error(SWT.java:4833)
2023-04-18 04:50:55,334 [ERROR] LogOutputStream:75 - [STDERR_REDIRECT] 	at org.eclipse.swt.SWT.error(SWT.java:4804)
2023-04-18 04:50:55,334 [ERROR] LogOutputStream:75 - [STDERR_REDIRECT] 	at org.eclipse.swt.widgets.Display.error(Display.java:1518)
2023-04-18 04:50:55,334 [ERROR] LogOutputStream:75 - [STDERR_REDIRECT] 	at org.eclipse.swt.widgets.Display.asyncExec(Display.java:930)
2023-04-18 04:50:55,334 [ERROR] LogOutputStream:75 - [STDERR_REDIRECT] 	at com.st.stm32cube.common.mx.oss.core.awtswtbridge.AwtEnvironment$2.run(AwtEnvironment.java:168)
2023-04-18 04:50:55,334 [ERROR] LogOutputStream:75 - [STDERR_REDIRECT] 	at java.desktop/java.awt.event.InvocationEvent.dispatch(InvocationEvent.java:313)
2023-04-18 04:50:55,334 [ERROR] LogOutputStream:75 - [STDERR_REDIRECT] 	at java.desktop/java.awt.EventQueue.dispatchEventImpl(EventQueue.java:770)
2023-04-18 04:50:55,334 [ERROR] LogOutputStream:75 - [STDERR_REDIRECT] 	at java.desktop/java.awt.EventQueue$4.run(EventQueue.java:721)
2023-04-18 04:50:55,335 [ERROR] LogOutputStream:75 - [STDERR_REDIRECT] 	at java.desktop/java.awt.EventQueue$4.run(EventQueue.java:715)
2023-04-18 04:50:55,335 [ERROR] LogOutputStream:75 - [STDERR_REDIRECT] 	at java.base/java.security.AccessController.doPrivileged(Native Method)
2023-04-18 04:50:55,335 [ERROR] LogOutputStream:75 - [STDERR_REDIRECT] 	at java.base/java.security.ProtectionDomain$JavaSecurityAccessImpl.doIntersectionPrivilege(ProtectionDomain.java:85)
2023-04-18 04:50:55,335 [ERROR] LogOutputStream:75 - [STDERR_REDIRECT] 	at java.desktop/java.awt.EventQueue.dispatchEvent(EventQueue.java:740)
2023-04-18 04:50:55,335 [ERROR] LogOutputStream:75 - [STDERR_REDIRECT] 	at java.desktop/java.awt.EventDispatchThread.pumpOneEventForFilters(EventDispatchThread.java:203)
2023-04-18 04:50:55,335 [ERROR] LogOutputStream:75 - [STDERR_REDIRECT] 	at java.desktop/java.awt.EventDispatchThread.pumpEventsForFilter(EventDispatchThread.java:124)
2023-04-18 04:50:55,335 [ERROR] LogOutputStream:75 - [STDERR_REDIRECT] 	at java.desktop/java.awt.EventDispatchThread.pumpEventsForHierarchy(EventDispatchThread.java:113)
2023-04-18 04:50:55,335 [ERROR] LogOutputStream:75 - [STDERR_REDIRECT] 	at java.desktop/java.awt.EventDispatchThread.pumpEvents(EventDispatchThread.java:109)
2023-04-18 04:50:55,336 [ERROR] LogOutputStream:75 - [STDERR_REDIRECT] 	at java.desktop/java.awt.EventDispatchThread.pumpEvents(EventDispatchThread.java:101)
2023-04-18 04:50:55,336 [ERROR] LogOutputStream:75 - [STDERR_REDIRECT] 	at java.desktop/java.awt.EventDispatchThread.run(EventDispatchThread.java:90)
2023-04-18 04:51:03,542 [INFO] Activator:176 - 


2023-04-18 04:51:03,544 [INFO] Activator:177 - !SESSION log4j initialized
2023-04-18 04:51:06,667 [INFO] LogOutputStream:77 - [STDOUT_REDIRECT] 
2023-04-18 04:51:27,275 [ERROR] LogOutputStream:75 - [STDERR_REDIRECT] SLF4J: Failed to load class "org.slf4j.impl.StaticLoggerBinder".
2023-04-18 04:51:27,276 [ERROR] LogOutputStream:75 - [STDERR_REDIRECT] SLF4J: Defaulting to no-operation (NOP) logger implementation
2023-04-18 04:51:27,276 [ERROR] LogOutputStream:75 - [STDERR_REDIRECT] SLF4J: See http://www.slf4j.org/codes.html#StaticLoggerBinder for further details.
2023-04-18 04:52:50,864 [INFO] Activator:176 - 


2023-04-18 04:52:50,865 [INFO] Activator:177 - !SESSION log4j initialized
2023-04-18 04:52:53,704 [INFO] LogOutputStream:77 - [STDOUT_REDIRECT] 
2023-04-18 04:53:14,294 [ERROR] LogOutputStream:75 - [STDERR_REDIRECT] SLF4J: Failed to load class "org.slf4j.impl.StaticLoggerBinder".
2023-04-18 04:53:14,294 [ERROR] LogOutputStream:75 - [STDERR_REDIRECT] SLF4J: Defaulting to no-operation (NOP) logger implementation
2023-04-18 04:53:14,294 [ERROR] LogOutputStream:75 - [STDERR_REDIRECT] SLF4J: See http://www.slf4j.org/codes.html#StaticLoggerBinder for further details.
2023-04-18 04:59:10,646 [INFO] Activator:176 - 


2023-04-18 04:59:10,647 [INFO] Activator:177 - !SESSION log4j initialized
2023-04-18 04:59:13,737 [INFO] LogOutputStream:77 - [STDOUT_REDIRECT] 
2023-04-18 04:59:34,368 [ERROR] LogOutputStream:75 - [STDERR_REDIRECT] SLF4J: Failed to load class "org.slf4j.impl.StaticLoggerBinder".
2023-04-18 04:59:34,369 [ERROR] LogOutputStream:75 - [STDERR_REDIRECT] SLF4J: Defaulting to no-operation (NOP) logger implementation
2023-04-18 04:59:34,369 [ERROR] LogOutputStream:75 - [STDERR_REDIRECT] SLF4J: See http://www.slf4j.org/codes.html#StaticLoggerBinder for further details.
2023-04-18 17:14:46,305 [INFO] Activator:176 - 


2023-04-18 17:14:46,306 [INFO] Activator:177 - !SESSION log4j initialized
2023-04-18 17:14:49,959 [INFO] LogOutputStream:77 - [STDOUT_REDIRECT] 
2023-04-18 17:15:11,289 [ERROR] LogOutputStream:75 - [STDERR_REDIRECT] SLF4J: Failed to load class "org.slf4j.impl.StaticLoggerBinder".
2023-04-18 17:15:11,290 [ERROR] LogOutputStream:75 - [STDERR_REDIRECT] SLF4J: Defaulting to no-operation (NOP) logger implementation
2023-04-18 17:15:11,290 [ERROR] LogOutputStream:75 - [STDERR_REDIRECT] SLF4J: See http://www.slf4j.org/codes.html#StaticLoggerBinder for further details.
