2023-04-15 22:23:39,409 [INFO] Activator:176 - 


2023-04-15 22:23:39,411 [INFO] Activator:177 - !SESSION log4j initialized
2023-04-15 22:23:40,570 [INFO] ApplicationProperties:184 - Using Application install path: /app/stm32cubeide/plugins/com.st.stm32cube.common.mx_6.8.0.202302231600
2023-04-15 22:23:40,580 [INFO] DbMcusXml:78 - Set database path to: /app/stm32cubeide/plugins/com.st.stm32cube.common.mx_6.8.0.202302231600//db//mcu/
2023-04-15 22:23:40,580 [INFO] ApiDb:274 - Set plugin database path to: /app/stm32cubeide/plugins/com.st.stm32cube.common.mx_6.8.0.202302231600//db//plugins/boardmanager/
2023-04-15 22:23:40,583 [WARN] ApiDb:259 - Overriding images path with different value:  => /app/stm32cubeide/plugins/com.st.stm32cube.common.mx_6.8.0.202302231600//db//plugins/mcufinder/images/
2023-04-15 22:23:40,590 [INFO] ApiDb:250 - Set database path to: /home/jamesyoung/.stmcufinder/plugins/mcufinder//mcu/
2023-04-15 22:23:40,591 [INFO] DbMcusAds:125 - Set database path to: /home/jamesyoung/.stmcufinder/plugins/mcufinder//mcu/
2023-04-15 22:23:40,603 [INFO] CrossReferenceDbSqlite:203 - Set database path to: /home/jamesyoung/.stmcufinder/plugins/mcufinder//mcu/cs/
2023-04-15 22:23:40,661 [INFO] RulesReader:64 - Compatibility file has been processed (293 Rules)
2023-04-15 22:23:40,696 [INFO] DbMcusXml:78 - Set database path to: /app/stm32cubeide/plugins/com.st.stm32cube.common.mx_6.8.0.202302231600//db//mcu/
2023-04-15 22:23:40,696 [INFO] ApiDb:274 - Set plugin database path to: /app/stm32cubeide/plugins/com.st.stm32cube.common.mx_6.8.0.202302231600//db//plugins/boardmanager/
2023-04-15 22:23:40,696 [INFO] ApiDb:261 - Set plugin images path to: /app/stm32cubeide/plugins/com.st.stm32cube.common.mx_6.8.0.202302231600//db//plugins/mcufinder/images/
2023-04-15 22:23:40,696 [WARN] DbFile:41 - Overriding database path with different value: /home/jamesyoung/.stmcufinder/plugins/mcufinder/ => /home/jamesyoung/.stmcufinder/plugins/mcufinder
2023-04-15 22:23:40,696 [INFO] ApiDb:250 - Set database path to: /home/jamesyoung/.stmcufinder/plugins/mcufinder//mcu/
2023-04-15 22:23:40,696 [WARN] DbFile:41 - Overriding database path with different value: /home/jamesyoung/.stmcufinder/plugins/mcufinder/ => /home/jamesyoung/.stmcufinder/plugins/mcufinder
2023-04-15 22:23:40,697 [INFO] DbMcusAds:125 - Set database path to: /home/jamesyoung/.stmcufinder/plugins/mcufinder//mcu/
2023-04-15 22:23:40,697 [WARN] DbFile:41 - Overriding database path with different value: /home/jamesyoung/.stmcufinder/plugins/mcufinder/ => /home/jamesyoung/.stmcufinder/plugins/mcufinder
2023-04-15 22:23:40,697 [WARN] DbFile:41 - Overriding database path with different value: /home/jamesyoung/.stmcufinder/plugins/mcufinder/ => /home/jamesyoung/.stmcufinder/plugins/mcufinder
2023-04-15 22:23:40,697 [INFO] CrossReferenceDbSqlite:203 - Set database path to: /home/jamesyoung/.stmcufinder/plugins/mcufinder//mcu/cs/
2023-04-15 22:23:40,733 [INFO] MainPanel:253 - HeapMemory: 268435456
2023-04-15 22:23:40,777 [INFO] DbMcusXml:78 - Set database path to: /app/stm32cubeide/plugins/com.st.stm32cube.common.mx_6.8.0.202302231600//db//mcu/
2023-04-15 22:23:40,777 [INFO] ApiDb:274 - Set plugin database path to: /app/stm32cubeide/plugins/com.st.stm32cube.common.mx_6.8.0.202302231600//db//plugins/boardmanager/
2023-04-15 22:23:40,777 [INFO] ApiDb:261 - Set plugin images path to: /app/stm32cubeide/plugins/com.st.stm32cube.common.mx_6.8.0.202302231600//db//plugins/mcufinder/images/
2023-04-15 22:23:40,777 [WARN] DbFile:41 - Overriding database path with different value: /home/jamesyoung/.stmcufinder/plugins/mcufinder/ => /home/jamesyoung/.stmcufinder/plugins/mcufinder
2023-04-15 22:23:40,777 [INFO] ApiDb:250 - Set database path to: /home/jamesyoung/.stmcufinder/plugins/mcufinder//mcu/
2023-04-15 22:23:40,777 [WARN] DbFile:41 - Overriding database path with different value: /home/jamesyoung/.stmcufinder/plugins/mcufinder/ => /home/jamesyoung/.stmcufinder/plugins/mcufinder
2023-04-15 22:23:40,777 [INFO] DbMcusAds:125 - Set database path to: /home/jamesyoung/.stmcufinder/plugins/mcufinder//mcu/
2023-04-15 22:23:40,777 [WARN] DbFile:41 - Overriding database path with different value: /home/jamesyoung/.stmcufinder/plugins/mcufinder/ => /home/jamesyoung/.stmcufinder/plugins/mcufinder
2023-04-15 22:23:40,777 [WARN] DbFile:41 - Overriding database path with different value: /home/jamesyoung/.stmcufinder/plugins/mcufinder/ => /home/jamesyoung/.stmcufinder/plugins/mcufinder
2023-04-15 22:23:40,777 [INFO] CrossReferenceDbSqlite:203 - Set database path to: /home/jamesyoung/.stmcufinder/plugins/mcufinder//mcu/cs/
2023-04-15 22:23:40,786 [INFO] ApplicationProperties:184 - Using Application install path: /app/stm32cubeide/plugins/com.st.stm32cube.common.mx_6.8.0.202302231600
2023-04-15 22:23:40,787 [INFO] PluginManage:196 - Search for loadable plugins [exclusion list=, ]
2023-04-15 22:23:40,788 [INFO] PluginManage:310 - Check plugin analytics
2023-04-15 22:23:40,959 [INFO] AnalyticsPlugin:253 - Accepted Software Licenses: 
2023-04-15 22:23:40,960 [INFO] AnalyticsPlugin:255 - Accepted CMSIS Pack Licenses: 
2023-04-15 22:23:40,960 [INFO] AnalyticsPlugin:257 - Accepted Firmware Licenses: 
2023-04-15 22:23:40,966 [INFO] PluginManage:359 - Loaded plugin analytics (category:tool,tabindex:-1)
2023-04-15 22:23:40,966 [INFO] PluginManage:310 - Check plugin cadmodel
2023-04-15 22:23:41,015 [INFO] CADModel:105 - Init CAD model plugin
2023-04-15 22:23:41,015 [INFO] PluginManage:359 - Loaded plugin cadmodel (category:power,tabindex:5)
2023-04-15 22:23:41,015 [INFO] PluginManage:310 - Check plugin clock
2023-04-15 22:23:41,023 [INFO] PluginManage:359 - Loaded plugin clock (category:base,tabindex:2)
2023-04-15 22:23:41,024 [INFO] PluginManage:310 - Check plugin ddr
2023-04-15 22:23:41,025 [INFO] PluginManage:359 - Loaded plugin ddr (category:tool,tabindex:6)
2023-04-15 22:23:41,025 [INFO] PluginManage:310 - Check plugin filemanager
2023-04-15 22:23:41,118 [INFO] PluginManage:359 - Loaded plugin filemanager (category:base,tabindex:10)
2023-04-15 22:23:41,118 [INFO] PluginManage:310 - Check plugin ipmanager
2023-04-15 22:23:41,122 [INFO] PluginManage:359 - Loaded plugin ipmanager (category:base,tabindex:5)
2023-04-15 22:23:41,122 [INFO] PluginManage:310 - Check plugin lpbam
2023-04-15 22:23:41,126 [INFO] PluginManage:359 - Loaded plugin lpbam (category:base,tabindex:0)
2023-04-15 22:23:41,127 [INFO] PluginManage:310 - Check plugin pinoutandconfiguration
2023-04-15 22:23:41,130 [INFO] PluginManage:359 - Loaded plugin pinoutandconfiguration (category:base,tabindex:1)
2023-04-15 22:23:41,130 [INFO] PluginManage:310 - Check plugin pinoutconfig
2023-04-15 22:23:41,166 [WARN] SupportedApi:132 - Cannot load RTOS API schema: s4s-elt-must-match.1: The content of 'definitions' must match (annotation?, (simpleType | complexType)?, (unique | key | keyref)*)). A problem was found starting at: attribute.
2023-04-15 22:23:41,237 [INFO] PluginManage:359 - Loaded plugin pinoutconfig (category:base,tabindex:0)
2023-04-15 22:23:41,237 [INFO] PluginManage:310 - Check plugin power
2023-04-15 22:23:41,242 [INFO] PluginManage:359 - Loaded plugin power (category:power,tabindex:4)
2023-04-15 22:23:41,242 [INFO] PluginManage:310 - Check plugin projectmanager
2023-04-15 22:23:41,252 [INFO] PluginManage:359 - Loaded plugin projectmanager (category:projectmanager,tabindex:3)
2023-04-15 22:23:41,252 [INFO] PluginManage:310 - Check plugin thirdparty
2023-04-15 22:23:41,323 [INFO] PluginManage:359 - Loaded plugin thirdparty (category:base,tabindex:-1)
2023-04-15 22:23:41,323 [INFO] PluginManage:310 - Check plugin tools
2023-04-15 22:23:41,322 [WARN] IntegrityCheckThread:84 - waiting for thirdparty lock release [integrity check]
2023-04-15 22:23:41,323 [INFO] IntegrityCheckThread:86 - entering critical section [integrity check]
2023-04-15 22:23:41,324 [INFO] PluginManage:359 - Loaded plugin tools (category:base,tabindex:7)
2023-04-15 22:23:41,324 [INFO] ThirdPartyUpdaterWithRetryManager:70 - Updater plugin not ready yet. [1/15]
2023-04-15 22:23:41,324 [INFO] PluginManage:310 - Check plugin tutovideos
2023-04-15 22:23:41,451 [INFO] PluginManage:359 - Loaded plugin tutovideos (category:base,tabindex:-1)
2023-04-15 22:23:41,451 [INFO] PluginManage:310 - Check plugin updater
2023-04-15 22:23:41,461 [INFO] PluginManage:359 - Loaded plugin updater (category:base,tabindex:12)
2023-04-15 22:23:41,461 [INFO] PluginManage:283 - PluginManage : Loaded plugins [15]
2023-04-15 22:23:41,590 [INFO] PinOutPanel:1499 - setPackage(No Configuration,No Configuration)
2023-04-15 22:23:41,626 [INFO] CADModel:165 - CPN selected for project level
2023-04-15 22:23:41,626 [INFO] CADModel:114 - Register for checkConnection events
2023-04-15 22:23:41,633 [INFO] IPUIPlugin:80 - create IPUIPlugin
2023-04-15 22:23:41,633 [INFO] PluginManager:220 - loadIPPluginJar : add ucpd
2023-04-15 22:23:41,637 [INFO] IPUIPlugin:80 - create IPUIPlugin
2023-04-15 22:23:41,637 [INFO] PluginManager:220 - loadIPPluginJar : add sai
2023-04-15 22:23:41,641 [INFO] IPUIPlugin:80 - create IPUIPlugin
2023-04-15 22:23:41,641 [INFO] PluginManager:220 - loadIPPluginJar : add gic
2023-04-15 22:23:41,642 [INFO] IPUIPlugin:80 - create IPUIPlugin
2023-04-15 22:23:41,642 [INFO] PluginManager:220 - loadIPPluginJar : add tsc
2023-04-15 22:23:41,647 [INFO] IPUIPlugin:80 - create IPUIPlugin
2023-04-15 22:23:41,647 [INFO] PluginManager:220 - loadIPPluginJar : add stm32_wpan
2023-04-15 22:23:41,648 [INFO] IPUIPlugin:80 - create IPUIPlugin
2023-04-15 22:23:41,648 [INFO] PluginManager:220 - loadIPPluginJar : add lorawan
2023-04-15 22:23:41,650 [INFO] IPUIPlugin:80 - create IPUIPlugin
2023-04-15 22:23:41,650 [INFO] PluginManager:220 - loadIPPluginJar : add dma3
2023-04-15 22:23:41,652 [INFO] IPUIPlugin:80 - create IPUIPlugin
2023-04-15 22:23:41,652 [INFO] PluginManager:220 - loadIPPluginJar : add openamp
2023-04-15 22:23:41,653 [INFO] IPUIPlugin:80 - create IPUIPlugin
2023-04-15 22:23:41,654 [INFO] PluginManager:220 - loadIPPluginJar : add can
2023-04-15 22:23:41,655 [INFO] IPUIPlugin:80 - create IPUIPlugin
2023-04-15 22:23:41,655 [INFO] PluginManager:220 - loadIPPluginJar : add aes
2023-04-15 22:23:41,657 [INFO] IPUIPlugin:80 - create IPUIPlugin
2023-04-15 22:23:41,657 [INFO] PluginManager:220 - loadIPPluginJar : add opamp
2023-04-15 22:23:41,658 [INFO] IPUIPlugin:80 - create IPUIPlugin
2023-04-15 22:23:41,658 [INFO] PluginManager:220 - loadIPPluginJar : add dfsdm
2023-04-15 22:23:41,659 [INFO] IPUIPlugin:80 - create IPUIPlugin
2023-04-15 22:23:41,659 [INFO] PluginManager:220 - loadIPPluginJar : add comp
2023-04-15 22:23:41,663 [INFO] IPUIPlugin:80 - create IPUIPlugin
2023-04-15 22:23:41,663 [INFO] PluginManager:220 - loadIPPluginJar : add freertos
2023-04-15 22:23:41,667 [INFO] IPUIPlugin:80 - create IPUIPlugin
2023-04-15 22:23:41,668 [INFO] PluginManager:220 - loadIPPluginJar : add mdma
2023-04-15 22:23:41,669 [INFO] IPUIPlugin:80 - create IPUIPlugin
2023-04-15 22:23:41,669 [INFO] PluginManager:220 - loadIPPluginJar : add usart
2023-04-15 22:23:41,671 [INFO] IPUIPlugin:80 - create IPUIPlugin
2023-04-15 22:23:41,671 [INFO] PluginManager:220 - loadIPPluginJar : add usbx
2023-04-15 22:23:41,673 [INFO] IPUIPlugin:80 - create IPUIPlugin
2023-04-15 22:23:41,673 [INFO] PluginManager:220 - loadIPPluginJar : add ipddr
2023-04-15 22:23:41,674 [INFO] IPUIPlugin:80 - create IPUIPlugin
2023-04-15 22:23:41,674 [INFO] PluginManager:220 - loadIPPluginJar : add tim
2023-04-15 22:23:41,675 [INFO] IPUIPlugin:80 - create IPUIPlugin
2023-04-15 22:23:41,675 [INFO] PluginManager:220 - loadIPPluginJar : add tracer_emb
2023-04-15 22:23:41,677 [INFO] IPUIPlugin:80 - create IPUIPlugin
2023-04-15 22:23:41,677 [INFO] PluginManager:220 - loadIPPluginJar : add i3c
2023-04-15 22:23:41,678 [INFO] IPUIPlugin:80 - create IPUIPlugin
2023-04-15 22:23:41,678 [INFO] PluginManager:220 - loadIPPluginJar : add i2s
2023-04-15 22:23:41,682 [INFO] IPUIPlugin:80 - create IPUIPlugin
2023-04-15 22:23:41,682 [INFO] PluginManager:220 - loadIPPluginJar : add dma
2023-04-15 22:23:41,688 [INFO] IPUIPlugin:80 - create IPUIPlugin
2023-04-15 22:23:41,688 [INFO] PluginManager:220 - loadIPPluginJar : add linkedlist
2023-04-15 22:23:41,689 [INFO] IPUIPlugin:80 - create IPUIPlugin
2023-04-15 22:23:41,689 [INFO] PluginManager:220 - loadIPPluginJar : add ts
2023-04-15 22:23:41,691 [INFO] IPUIPlugin:80 - create IPUIPlugin
2023-04-15 22:23:41,691 [INFO] PluginManager:220 - loadIPPluginJar : add touchsensing
2023-04-15 22:23:41,694 [INFO] IPUIPlugin:80 - create IPUIPlugin
2023-04-15 22:23:41,694 [INFO] PluginManager:220 - loadIPPluginJar : add gpio
2023-04-15 22:23:41,698 [INFO] IPUIPlugin:80 - create IPUIPlugin
2023-04-15 22:23:41,698 [INFO] PluginManager:220 - loadIPPluginJar : add adc
2023-04-15 22:23:41,702 [INFO] IPUIPlugin:80 - create IPUIPlugin
2023-04-15 22:23:41,704 [INFO] PluginManager:220 - loadIPPluginJar : add plateformsettings
2023-04-15 22:23:41,707 [INFO] IPUIPlugin:80 - create IPUIPlugin
2023-04-15 22:23:41,707 [INFO] PluginManager:220 - loadIPPluginJar : add nvic
2023-04-15 22:23:41,708 [INFO] IPUIPlugin:80 - create IPUIPlugin
2023-04-15 22:23:41,708 [INFO] PluginManager:220 - loadIPPluginJar : add pdm2pcm
2023-04-15 22:23:41,709 [INFO] IPUIPlugin:80 - create IPUIPlugin
2023-04-15 22:23:41,709 [INFO] PluginManager:220 - loadIPPluginJar : add quadspi
2023-04-15 22:23:41,712 [INFO] IPUIPlugin:80 - create IPUIPlugin
2023-04-15 22:23:41,712 [INFO] PluginManager:220 - loadIPPluginJar : add fmc
2023-04-15 22:23:41,713 [INFO] IPUIPlugin:80 - create IPUIPlugin
2023-04-15 22:23:41,713 [INFO] PluginManager:220 - loadIPPluginJar : add gtzc
2023-04-15 22:23:41,714 [INFO] IPUIPlugin:80 - create IPUIPlugin
2023-04-15 22:23:41,714 [INFO] PluginManager:220 - loadIPPluginJar : add genericplugin
2023-04-15 22:23:41,714 [INFO] IPUIPlugin:80 - create IPUIPlugin
2023-04-15 22:23:41,714 [INFO] PluginManager:220 - loadIPPluginJar : add ltdc
2023-04-15 22:23:41,716 [INFO] IPUIPlugin:80 - create IPUIPlugin
2023-04-15 22:23:41,716 [INFO] PluginManager:220 - loadIPPluginJar : add hash
2023-04-15 22:23:41,717 [INFO] IPUIPlugin:80 - create IPUIPlugin
2023-04-15 22:23:41,717 [INFO] PluginManager:220 - loadIPPluginJar : add gfxmmu
2023-04-15 22:23:41,718 [INFO] IPUIPlugin:80 - create IPUIPlugin
2023-04-15 22:23:41,718 [INFO] PluginManager:220 - loadIPPluginJar : add cryp
2023-04-15 22:23:41,719 [INFO] IPUIPlugin:80 - create IPUIPlugin
2023-04-15 22:23:41,719 [INFO] PluginManager:220 - loadIPPluginJar : add fatfs
2023-04-15 22:23:41,720 [INFO] IPUIPlugin:80 - create IPUIPlugin
2023-04-15 22:23:41,721 [INFO] PluginManager:220 - loadIPPluginJar : add resmgrutility
2023-04-15 22:23:41,721 [INFO] IPUIPlugin:80 - create IPUIPlugin
2023-04-15 22:23:41,721 [INFO] PluginManager:220 - loadIPPluginJar : add spi
2023-04-15 22:23:41,722 [INFO] IPUIPlugin:80 - create IPUIPlugin
2023-04-15 22:23:41,722 [INFO] PluginManager:220 - loadIPPluginJar : add i2c
2023-04-15 22:23:41,814 [INFO] CADModel:165 - CPN selected for project level
2023-04-15 22:23:41,814 [INFO] CADModel:114 - Register for checkConnection events
2023-04-15 22:23:41,814 [FATAL] Updater:308 - Updater called before beeing initialized
2023-04-15 22:23:41,814 [ERROR] CADModel:125 - Updater not yet initialized, retry later 
2023-04-15 22:23:41,900 [INFO] CADModel:165 - CPN selected for project level
2023-04-15 22:23:41,900 [INFO] CADModel:114 - Register for checkConnection events
2023-04-15 22:23:41,900 [FATAL] Updater:308 - Updater called before beeing initialized
2023-04-15 22:23:41,900 [ERROR] CADModel:125 - Updater not yet initialized, retry later 
2023-04-15 22:23:41,903 [FATAL] Updater:308 - Updater called before beeing initialized
2023-04-15 22:23:41,962 [FATAL] Updater:308 - Updater called before beeing initialized
2023-04-15 22:23:41,966 [INFO] DbMcusAds:53 - JSON generation date=Tue Mar 07 16:50:55 HKT 2023 (1678179055335)
2023-04-15 22:23:41,966 [FATAL] Updater:308 - Updater called before beeing initialized
2023-04-15 22:23:41,987 [WARN] DetailPanel:346 - Failed to get advertising image, set to default
2023-04-15 22:23:42,061 [FATAL] Updater:308 - Updater called before beeing initialized
2023-04-15 22:23:42,063 [FATAL] Updater:308 - Updater called before beeing initialized
2023-04-15 22:23:42,063 [FATAL] Updater:308 - Updater called before beeing initialized
2023-04-15 22:23:42,063 [WARN] DetailPanel:346 - Failed to get advertising image, set to default
2023-04-15 22:23:42,063 [FATAL] Updater:308 - Updater called before beeing initialized
2023-04-15 22:23:42,084 [ERROR] Updater:1120 - MainUpdater not yet initialized. External WinMGr cannot be set.
2023-04-15 22:23:42,085 [INFO] Updater:1056 - Updater Version found : 6.8.0
2023-04-15 22:23:42,096 [INFO] ApplicationProperties:184 - Using Application install path: /app/stm32cubeide/plugins/com.st.stm32cube.common.mx_6.8.0.202302231600
2023-04-15 22:23:42,199 [INFO] MainUpdater:2854 - connection check result : 10
2023-04-15 22:23:42,199 [INFO] MainUpdater:283 - Updater Check For Update Now.
2023-04-15 22:23:42,200 [INFO] MicroXplorer:498 - Change Database Version : DB.6.0.80
2023-04-15 22:23:42,348 [INFO] CheckServerUpdateThread:120 - End of CheckServer Thread
2023-04-15 22:23:42,409 [INFO] MainUpdater:2854 - connection check result : 10
2023-04-15 22:23:42,410 [INFO] MainUpdater:2854 - connection check result : 10
2023-04-15 22:23:44,384 [WARN] PackLoader:240 - Cannot read IP mode file for STMicroelectronics.X-CUBE-GNSS1.6.0.0
2023-04-15 22:23:44,408 [WARN] PackLoader:240 - Cannot read IP mode file for STMicroelectronics.X-CUBE-AZRTOS-F4.1.1.0
2023-04-15 22:23:44,416 [WARN] PackLoader:240 - Cannot read IP mode file for STMicroelectronics.X-CUBE-SMBUS.2.1.0
2023-04-15 22:23:44,431 [WARN] PackLoader:240 - Cannot read IP mode file for STMicroelectronics.X-CUBE-AZRTOS-F7.1.1.0
2023-04-15 22:23:44,450 [WARN] PackLoader:240 - Cannot read IP mode file for STMicroelectronics.X-CUBE-BLE1.6.2.4
2023-04-15 22:23:44,457 [WARN] PackLoader:240 - Cannot read IP mode file for emotas.I-CUBE-CANOPEN.1.1.3
2023-04-15 22:23:44,463 [WARN] PackLoader:240 - Cannot read IP mode file for STMicroelectronics.X-CUBE-BLEMGR.2.0.0
2023-04-15 22:23:44,490 [WARN] ConditionMgr:438 - getConditionDescription Invalid condition id : UX DEVICE CLASS RTOS Condition cause : null
2023-04-15 22:23:44,490 [WARN] ConditionMgr:438 - getConditionDescription Invalid condition id : UX DEVICE CLASS RTOS Condition cause : null
2023-04-15 22:23:44,495 [WARN] PackLoader:240 - Cannot read IP mode file for STMicroelectronics.X-CUBE-AZRTOS-H7.3.1.0
2023-04-15 22:23:44,496 [WARN] ConditionMgr:1039 - genDependencies : Invalid condition id : UX DEVICE CLASS RTOS Condition cause : null
2023-04-15 22:23:44,496 [WARN] ConditionMgr:1039 - genDependencies : Invalid condition id : UX DEVICE CLASS RTOS Condition cause : null
2023-04-15 22:23:44,497 [WARN] ConditionMgr:1039 - genDependencies : Invalid condition id : UX DEVICE CLASS RTOS Condition cause : null
2023-04-15 22:23:44,497 [WARN] ConditionMgr:1039 - genDependencies : Invalid condition id : UX DEVICE CLASS RTOS Condition cause : null
2023-04-15 22:23:44,497 [WARN] ConditionMgr:1039 - genDependencies : Invalid condition id : UX DEVICE CLASS RTOS Condition cause : null
2023-04-15 22:23:44,505 [WARN] PackLoader:240 - Cannot read IP mode file for STMicroelectronics.X-CUBE-DISPLAY.3.0.0
2023-04-15 22:23:44,512 [WARN] PackLoader:240 - Cannot read IP mode file for wolfSSL.I-CUBE-wolfSSL.5.5.4
2023-04-15 22:23:44,515 [WARN] PackLoader:240 - Cannot read IP mode file for STMicroelectronics.X-CUBE-NFC7.1.0.0
2023-04-15 22:23:44,520 [WARN] PackLoader:240 - Cannot read IP mode file for STMicroelectronics.X-CUBE-EEPRMA1.4.1.0
2023-04-15 22:23:44,526 [WARN] PackLoader:240 - Cannot read IP mode file for WES.I-CUBE-Cesium.1.3.0
2023-04-15 22:23:44,530 [WARN] PackLoader:240 - Cannot read IP mode file for STMicroelectronics.X-CUBE-SFXS2LP1.4.0.0
2023-04-15 22:23:44,534 [WARN] PackLoader:240 - Cannot read IP mode file for STMicroelectronics.X-CUBE-BLE2.3.3.0
2023-04-15 22:23:44,542 [WARN] PackLoader:240 - Cannot read IP mode file for STMicroelectronics.X-CUBE-TOF1.3.2.0
2023-04-15 22:23:44,564 [WARN] PackLoader:240 - Cannot read IP mode file for STMicroelectronics.X-CUBE-AZRTOS-H7.3.0.0
2023-04-15 22:23:44,569 [WARN] PackLoader:240 - Cannot read IP mode file for STMicroelectronics.X-CUBE-ISPU.1.1.0
2023-04-15 22:23:44,574 [WARN] PackLoader:240 - Cannot read IP mode file for RoweBots.I-CUBE-UNISONRTOS.5.5.0-4
2023-04-15 22:23:44,577 [WARN] PackLoader:240 - Cannot read IP mode file for STMicroelectronics.X-CUBE-AI.8.0.0
2023-04-15 22:23:44,580 [WARN] PackLoader:240 - Cannot read IP mode file for STMicroelectronics.X-CUBE-FREERTOS.1.0.0
2023-04-15 22:23:44,582 [WARN] PackLoader:240 - Cannot read IP mode file for STMicroelectronics.X-CUBE-FREERTOS.1.0.1
2023-04-15 22:23:44,584 [WARN] PackLoader:240 - Cannot read IP mode file for STMicroelectronics.X-CUBE-TOUCHGFX.4.21.1
2023-04-15 22:23:44,586 [WARN] PackLoader:240 - Cannot read IP mode file for STMicroelectronics.X-CUBE-TOUCHGFX.4.21.3
2023-04-15 22:23:44,587 [WARN] PackLoader:240 - Cannot read IP mode file for STMicroelectronics.X-CUBE-AI.7.3.0
2023-04-15 22:23:44,590 [WARN] PackLoader:240 - Cannot read IP mode file for STMicroelectronics.X-CUBE-ALGOBUILD.1.3.0
2023-04-15 22:23:44,603 [WARN] PackLoader:240 - Cannot read IP mode file for STMicroelectronics.X-CUBE-AZRTOS-L5.1.1.0
2023-04-15 22:23:44,617 [WARN] PackLoader:240 - Cannot read IP mode file for STMicroelectronics.X-CUBE-AZRTOS-G0.1.1.0
2023-04-15 22:23:44,626 [WARN] PackLoader:240 - Cannot read IP mode file for STMicroelectronics.X-CUBE-SUBG2.5.0.0
2023-04-15 22:23:44,634 [WARN] PackLoader:240 - Cannot read IP mode file for STMicroelectronics.X-CUBE-NFC4.3.0.0
2023-04-15 22:23:44,642 [WARN] PackLoader:240 - Cannot read IP mode file for STMicroelectronics.X-CUBE-TOF1.3.3.0
2023-04-15 22:23:44,652 [WARN] PackLoader:240 - Cannot read IP mode file for STMicroelectronics.FP-ATR-ASTRA1.1.1.1
2023-04-15 22:23:44,657 [WARN] PackLoader:240 - Cannot read IP mode file for STMicroelectronics.X-CUBE-BLEMGR.1.3.0
2023-04-15 22:23:44,679 [WARN] PackLoader:240 - Cannot read IP mode file for STMicroelectronics.X-CUBE-AZRTOS-G4.1.0.0
2023-04-15 22:23:44,682 [WARN] PackLoader:240 - Cannot read IP mode file for STMicroelectronics.FP-ATR-SIGFOX1.3.2.0
2023-04-15 22:23:44,693 [WARN] PackLoader:240 - Cannot read IP mode file for STMicroelectronics.X-CUBE-AZRTOS-L4.1.0.0
2023-04-15 22:23:44,702 [WARN] PackLoader:240 - Cannot read IP mode file for STMicroelectronics.X-CUBE-AZRTOS-WL.1.0.0
2023-04-15 22:23:44,705 [WARN] PackLoader:240 - Cannot read IP mode file for portGmbH.I-Cube-SoM-uGOAL.1.1.0
2023-04-15 22:23:44,707 [WARN] PackLoader:240 - Cannot read IP mode file for STMicroelectronics.X-CUBE-ALS.1.0.1
2023-04-15 22:23:44,728 [WARN] PackLoader:240 - Cannot read IP mode file for STMicroelectronics.X-CUBE-MEMS1.9.5.0
2023-04-15 22:23:44,825 [WARN] PackLoader:240 - Cannot read IP mode file for STMicroelectronics.X-CUBE-AZRTOS-WB.1.1.0
2023-04-15 22:23:44,853 [WARN] PackLoader:240 - Cannot read IP mode file for SEGGER.I-CUBE-embOS.1.3.1
2023-04-15 22:23:44,888 [INFO] ThirdParty:978 - Integrity check success = true
2023-04-15 22:23:44,889 [INFO] IntegrityCheckThread:100 - exiting critical section [integrity check]
2023-04-15 22:23:44,889 [INFO] IntegrityCheckThread:103 - End integrity checks thread
