2023-04-12 00:27:27,033 [INFO] Activator:176 - 


2023-04-12 00:27:27,035 [INFO] Activator:177 - !SESSION log4j initialized
2023-04-12 00:27:28,394 [INFO] ApplicationProperties:184 - Using Application install path: /app/stm32cubeide/plugins/com.st.stm32cube.common.mx_6.8.0.202302231600
2023-04-12 00:27:28,406 [INFO] DbMcusXml:78 - Set database path to: /app/stm32cubeide/plugins/com.st.stm32cube.common.mx_6.8.0.202302231600//db//mcu/
2023-04-12 00:27:28,407 [INFO] ApiDb:274 - Set plugin database path to: /app/stm32cubeide/plugins/com.st.stm32cube.common.mx_6.8.0.202302231600//db//plugins/boardmanager/
2023-04-12 00:27:28,409 [WARN] ApiDb:259 - Overriding images path with different value:  => /app/stm32cubeide/plugins/com.st.stm32cube.common.mx_6.8.0.202302231600//db//plugins/mcufinder/images/
2023-04-12 00:27:28,418 [INFO] ApiDb:250 - Set database path to: /home/jamesyoung/.stmcufinder/plugins/mcufinder//mcu/
2023-04-12 00:27:28,419 [INFO] DbMcusAds:125 - Set database path to: /home/jamesyoung/.stmcufinder/plugins/mcufinder//mcu/
2023-04-12 00:27:29,104 [INFO] CrossReferenceDbSqlite:203 - Set database path to: /home/jamesyoung/.stmcufinder/plugins/mcufinder//mcu/cs/
2023-04-12 00:27:29,165 [INFO] RulesReader:64 - Compatibility file has been processed (293 Rules)
2023-04-12 00:27:29,207 [INFO] DbMcusXml:78 - Set database path to: /app/stm32cubeide/plugins/com.st.stm32cube.common.mx_6.8.0.202302231600//db//mcu/
2023-04-12 00:27:29,207 [INFO] ApiDb:274 - Set plugin database path to: /app/stm32cubeide/plugins/com.st.stm32cube.common.mx_6.8.0.202302231600//db//plugins/boardmanager/
2023-04-12 00:27:29,207 [INFO] ApiDb:261 - Set plugin images path to: /app/stm32cubeide/plugins/com.st.stm32cube.common.mx_6.8.0.202302231600//db//plugins/mcufinder/images/
2023-04-12 00:27:29,207 [WARN] DbFile:41 - Overriding database path with different value: /home/jamesyoung/.stmcufinder/plugins/mcufinder/ => /home/jamesyoung/.stmcufinder/plugins/mcufinder
2023-04-12 00:27:29,207 [INFO] ApiDb:250 - Set database path to: /home/jamesyoung/.stmcufinder/plugins/mcufinder//mcu/
2023-04-12 00:27:29,207 [WARN] DbFile:41 - Overriding database path with different value: /home/jamesyoung/.stmcufinder/plugins/mcufinder/ => /home/jamesyoung/.stmcufinder/plugins/mcufinder
2023-04-12 00:27:29,207 [INFO] DbMcusAds:125 - Set database path to: /home/jamesyoung/.stmcufinder/plugins/mcufinder//mcu/
2023-04-12 00:27:29,207 [WARN] DbFile:41 - Overriding database path with different value: /home/jamesyoung/.stmcufinder/plugins/mcufinder/ => /home/jamesyoung/.stmcufinder/plugins/mcufinder
2023-04-12 00:27:29,207 [WARN] DbFile:41 - Overriding database path with different value: /home/jamesyoung/.stmcufinder/plugins/mcufinder/ => /home/jamesyoung/.stmcufinder/plugins/mcufinder
2023-04-12 00:27:29,208 [INFO] CrossReferenceDbSqlite:203 - Set database path to: /home/jamesyoung/.stmcufinder/plugins/mcufinder//mcu/cs/
2023-04-12 00:27:29,249 [INFO] MainPanel:253 - HeapMemory: 268435456
2023-04-12 00:27:29,310 [INFO] DbMcusXml:78 - Set database path to: /app/stm32cubeide/plugins/com.st.stm32cube.common.mx_6.8.0.202302231600//db//mcu/
2023-04-12 00:27:29,310 [INFO] ApiDb:274 - Set plugin database path to: /app/stm32cubeide/plugins/com.st.stm32cube.common.mx_6.8.0.202302231600//db//plugins/boardmanager/
2023-04-12 00:27:29,310 [INFO] ApiDb:261 - Set plugin images path to: /app/stm32cubeide/plugins/com.st.stm32cube.common.mx_6.8.0.202302231600//db//plugins/mcufinder/images/
2023-04-12 00:27:29,311 [WARN] DbFile:41 - Overriding database path with different value: /home/jamesyoung/.stmcufinder/plugins/mcufinder/ => /home/jamesyoung/.stmcufinder/plugins/mcufinder
2023-04-12 00:27:29,311 [INFO] ApiDb:250 - Set database path to: /home/jamesyoung/.stmcufinder/plugins/mcufinder//mcu/
2023-04-12 00:27:29,311 [WARN] DbFile:41 - Overriding database path with different value: /home/jamesyoung/.stmcufinder/plugins/mcufinder/ => /home/jamesyoung/.stmcufinder/plugins/mcufinder
2023-04-12 00:27:29,311 [INFO] DbMcusAds:125 - Set database path to: /home/jamesyoung/.stmcufinder/plugins/mcufinder//mcu/
2023-04-12 00:27:29,311 [WARN] DbFile:41 - Overriding database path with different value: /home/jamesyoung/.stmcufinder/plugins/mcufinder/ => /home/jamesyoung/.stmcufinder/plugins/mcufinder
2023-04-12 00:27:29,311 [WARN] DbFile:41 - Overriding database path with different value: /home/jamesyoung/.stmcufinder/plugins/mcufinder/ => /home/jamesyoung/.stmcufinder/plugins/mcufinder
2023-04-12 00:27:29,311 [INFO] CrossReferenceDbSqlite:203 - Set database path to: /home/jamesyoung/.stmcufinder/plugins/mcufinder//mcu/cs/
2023-04-12 00:27:29,320 [INFO] ApplicationProperties:184 - Using Application install path: /app/stm32cubeide/plugins/com.st.stm32cube.common.mx_6.8.0.202302231600
2023-04-12 00:27:29,322 [INFO] PluginManage:196 - Search for loadable plugins [exclusion list=, ]
2023-04-12 00:27:29,322 [INFO] PluginManage:310 - Check plugin analytics
2023-04-12 00:27:29,485 [INFO] AnalyticsPlugin:253 - Accepted Software Licenses: 
2023-04-12 00:27:29,485 [INFO] AnalyticsPlugin:255 - Accepted CMSIS Pack Licenses: 
2023-04-12 00:27:29,485 [INFO] AnalyticsPlugin:257 - Accepted Firmware Licenses: 
2023-04-12 00:27:29,491 [INFO] PluginManage:359 - Loaded plugin analytics (category:tool,tabindex:-1)
2023-04-12 00:27:29,492 [INFO] PluginManage:310 - Check plugin cadmodel
2023-04-12 00:27:29,625 [INFO] CADModel:105 - Init CAD model plugin
2023-04-12 00:27:29,625 [INFO] PluginManage:359 - Loaded plugin cadmodel (category:power,tabindex:5)
2023-04-12 00:27:29,626 [INFO] PluginManage:310 - Check plugin clock
2023-04-12 00:27:29,632 [INFO] PluginManage:359 - Loaded plugin clock (category:base,tabindex:2)
2023-04-12 00:27:29,632 [INFO] PluginManage:310 - Check plugin ddr
2023-04-12 00:27:29,633 [INFO] PluginManage:359 - Loaded plugin ddr (category:tool,tabindex:6)
2023-04-12 00:27:29,633 [INFO] PluginManage:310 - Check plugin filemanager
2023-04-12 00:27:29,720 [INFO] PluginManage:359 - Loaded plugin filemanager (category:base,tabindex:10)
2023-04-12 00:27:29,720 [INFO] PluginManage:310 - Check plugin ipmanager
2023-04-12 00:27:29,724 [INFO] PluginManage:359 - Loaded plugin ipmanager (category:base,tabindex:5)
2023-04-12 00:27:29,724 [INFO] PluginManage:310 - Check plugin lpbam
2023-04-12 00:27:29,729 [INFO] PluginManage:359 - Loaded plugin lpbam (category:base,tabindex:0)
2023-04-12 00:27:29,729 [INFO] PluginManage:310 - Check plugin pinoutandconfiguration
2023-04-12 00:27:29,734 [INFO] PluginManage:359 - Loaded plugin pinoutandconfiguration (category:base,tabindex:1)
2023-04-12 00:27:29,734 [INFO] PluginManage:310 - Check plugin pinoutconfig
2023-04-12 00:27:29,779 [WARN] SupportedApi:132 - Cannot load RTOS API schema: s4s-elt-must-match.1: The content of 'definitions' must match (annotation?, (simpleType | complexType)?, (unique | key | keyref)*)). A problem was found starting at: attribute.
2023-04-12 00:27:29,857 [INFO] PluginManage:359 - Loaded plugin pinoutconfig (category:base,tabindex:0)
2023-04-12 00:27:29,857 [INFO] PluginManage:310 - Check plugin power
2023-04-12 00:27:29,863 [INFO] PluginManage:359 - Loaded plugin power (category:power,tabindex:4)
2023-04-12 00:27:29,863 [INFO] PluginManage:310 - Check plugin projectmanager
2023-04-12 00:27:29,873 [INFO] PluginManage:359 - Loaded plugin projectmanager (category:projectmanager,tabindex:3)
2023-04-12 00:27:29,873 [INFO] PluginManage:310 - Check plugin thirdparty
2023-04-12 00:27:29,944 [INFO] PluginManage:359 - Loaded plugin thirdparty (category:base,tabindex:-1)
2023-04-12 00:27:29,944 [WARN] IntegrityCheckThread:84 - waiting for thirdparty lock release [integrity check]
2023-04-12 00:27:29,944 [INFO] PluginManage:310 - Check plugin tools
2023-04-12 00:27:29,944 [INFO] IntegrityCheckThread:86 - entering critical section [integrity check]
2023-04-12 00:27:29,945 [INFO] PluginManage:359 - Loaded plugin tools (category:base,tabindex:7)
2023-04-12 00:27:29,945 [INFO] PluginManage:310 - Check plugin tutovideos
2023-04-12 00:27:29,946 [INFO] ThirdPartyUpdaterWithRetryManager:70 - Updater plugin not ready yet. [1/15]
2023-04-12 00:27:30,075 [INFO] PluginManage:359 - Loaded plugin tutovideos (category:base,tabindex:-1)
2023-04-12 00:27:30,075 [INFO] PluginManage:310 - Check plugin updater
2023-04-12 00:27:30,084 [INFO] PluginManage:359 - Loaded plugin updater (category:base,tabindex:12)
2023-04-12 00:27:30,084 [INFO] PluginManage:283 - PluginManage : Loaded plugins [15]
2023-04-12 00:27:30,213 [INFO] PinOutPanel:1499 - setPackage(No Configuration,No Configuration)
2023-04-12 00:27:30,250 [INFO] CADModel:165 - CPN selected for project level
2023-04-12 00:27:30,250 [INFO] CADModel:114 - Register for checkConnection events
2023-04-12 00:27:30,257 [INFO] IPUIPlugin:80 - create IPUIPlugin
2023-04-12 00:27:30,257 [INFO] PluginManager:220 - loadIPPluginJar : add ucpd
2023-04-12 00:27:30,261 [INFO] IPUIPlugin:80 - create IPUIPlugin
2023-04-12 00:27:30,261 [INFO] PluginManager:220 - loadIPPluginJar : add sai
2023-04-12 00:27:30,264 [INFO] IPUIPlugin:80 - create IPUIPlugin
2023-04-12 00:27:30,265 [INFO] PluginManager:220 - loadIPPluginJar : add gic
2023-04-12 00:27:30,266 [INFO] IPUIPlugin:80 - create IPUIPlugin
2023-04-12 00:27:30,266 [INFO] PluginManager:220 - loadIPPluginJar : add tsc
2023-04-12 00:27:30,270 [INFO] IPUIPlugin:80 - create IPUIPlugin
2023-04-12 00:27:30,270 [INFO] PluginManager:220 - loadIPPluginJar : add stm32_wpan
2023-04-12 00:27:30,271 [INFO] IPUIPlugin:80 - create IPUIPlugin
2023-04-12 00:27:30,271 [INFO] PluginManager:220 - loadIPPluginJar : add lorawan
2023-04-12 00:27:30,273 [INFO] IPUIPlugin:80 - create IPUIPlugin
2023-04-12 00:27:30,273 [INFO] PluginManager:220 - loadIPPluginJar : add dma3
2023-04-12 00:27:30,275 [INFO] IPUIPlugin:80 - create IPUIPlugin
2023-04-12 00:27:30,275 [INFO] PluginManager:220 - loadIPPluginJar : add openamp
2023-04-12 00:27:30,276 [INFO] IPUIPlugin:80 - create IPUIPlugin
2023-04-12 00:27:30,276 [INFO] PluginManager:220 - loadIPPluginJar : add can
2023-04-12 00:27:30,278 [INFO] IPUIPlugin:80 - create IPUIPlugin
2023-04-12 00:27:30,278 [INFO] PluginManager:220 - loadIPPluginJar : add aes
2023-04-12 00:27:30,279 [INFO] IPUIPlugin:80 - create IPUIPlugin
2023-04-12 00:27:30,279 [INFO] PluginManager:220 - loadIPPluginJar : add opamp
2023-04-12 00:27:30,280 [INFO] IPUIPlugin:80 - create IPUIPlugin
2023-04-12 00:27:30,281 [INFO] PluginManager:220 - loadIPPluginJar : add dfsdm
2023-04-12 00:27:30,281 [INFO] IPUIPlugin:80 - create IPUIPlugin
2023-04-12 00:27:30,281 [INFO] PluginManager:220 - loadIPPluginJar : add comp
2023-04-12 00:27:30,286 [INFO] IPUIPlugin:80 - create IPUIPlugin
2023-04-12 00:27:30,286 [INFO] PluginManager:220 - loadIPPluginJar : add freertos
2023-04-12 00:27:30,291 [INFO] IPUIPlugin:80 - create IPUIPlugin
2023-04-12 00:27:30,291 [INFO] PluginManager:220 - loadIPPluginJar : add mdma
2023-04-12 00:27:30,292 [INFO] IPUIPlugin:80 - create IPUIPlugin
2023-04-12 00:27:30,293 [INFO] PluginManager:220 - loadIPPluginJar : add usart
2023-04-12 00:27:30,294 [INFO] IPUIPlugin:80 - create IPUIPlugin
2023-04-12 00:27:30,294 [INFO] PluginManager:220 - loadIPPluginJar : add usbx
2023-04-12 00:27:30,296 [INFO] IPUIPlugin:80 - create IPUIPlugin
2023-04-12 00:27:30,297 [INFO] PluginManager:220 - loadIPPluginJar : add ipddr
2023-04-12 00:27:30,298 [INFO] IPUIPlugin:80 - create IPUIPlugin
2023-04-12 00:27:30,298 [INFO] PluginManager:220 - loadIPPluginJar : add tim
2023-04-12 00:27:30,299 [INFO] IPUIPlugin:80 - create IPUIPlugin
2023-04-12 00:27:30,299 [INFO] PluginManager:220 - loadIPPluginJar : add tracer_emb
2023-04-12 00:27:30,301 [INFO] IPUIPlugin:80 - create IPUIPlugin
2023-04-12 00:27:30,301 [INFO] PluginManager:220 - loadIPPluginJar : add i3c
2023-04-12 00:27:30,302 [INFO] IPUIPlugin:80 - create IPUIPlugin
2023-04-12 00:27:30,302 [INFO] PluginManager:220 - loadIPPluginJar : add i2s
2023-04-12 00:27:30,306 [INFO] IPUIPlugin:80 - create IPUIPlugin
2023-04-12 00:27:30,306 [INFO] PluginManager:220 - loadIPPluginJar : add dma
2023-04-12 00:27:30,310 [INFO] IPUIPlugin:80 - create IPUIPlugin
2023-04-12 00:27:30,310 [INFO] PluginManager:220 - loadIPPluginJar : add linkedlist
2023-04-12 00:27:30,311 [INFO] IPUIPlugin:80 - create IPUIPlugin
2023-04-12 00:27:30,311 [INFO] PluginManager:220 - loadIPPluginJar : add ts
2023-04-12 00:27:30,312 [INFO] IPUIPlugin:80 - create IPUIPlugin
2023-04-12 00:27:30,312 [INFO] PluginManager:220 - loadIPPluginJar : add touchsensing
2023-04-12 00:27:30,315 [INFO] IPUIPlugin:80 - create IPUIPlugin
2023-04-12 00:27:30,315 [INFO] PluginManager:220 - loadIPPluginJar : add gpio
2023-04-12 00:27:30,318 [INFO] IPUIPlugin:80 - create IPUIPlugin
2023-04-12 00:27:30,319 [INFO] PluginManager:220 - loadIPPluginJar : add adc
2023-04-12 00:27:30,322 [INFO] IPUIPlugin:80 - create IPUIPlugin
2023-04-12 00:27:30,324 [INFO] PluginManager:220 - loadIPPluginJar : add plateformsettings
2023-04-12 00:27:30,326 [INFO] IPUIPlugin:80 - create IPUIPlugin
2023-04-12 00:27:30,326 [INFO] PluginManager:220 - loadIPPluginJar : add nvic
2023-04-12 00:27:30,327 [INFO] IPUIPlugin:80 - create IPUIPlugin
2023-04-12 00:27:30,328 [INFO] PluginManager:220 - loadIPPluginJar : add pdm2pcm
2023-04-12 00:27:30,328 [INFO] IPUIPlugin:80 - create IPUIPlugin
2023-04-12 00:27:30,328 [INFO] PluginManager:220 - loadIPPluginJar : add quadspi
2023-04-12 00:27:30,330 [INFO] IPUIPlugin:80 - create IPUIPlugin
2023-04-12 00:27:30,330 [INFO] PluginManager:220 - loadIPPluginJar : add fmc
2023-04-12 00:27:30,332 [INFO] IPUIPlugin:80 - create IPUIPlugin
2023-04-12 00:27:30,332 [INFO] PluginManager:220 - loadIPPluginJar : add gtzc
2023-04-12 00:27:30,333 [INFO] IPUIPlugin:80 - create IPUIPlugin
2023-04-12 00:27:30,333 [INFO] PluginManager:220 - loadIPPluginJar : add genericplugin
2023-04-12 00:27:30,333 [INFO] IPUIPlugin:80 - create IPUIPlugin
2023-04-12 00:27:30,333 [INFO] PluginManager:220 - loadIPPluginJar : add ltdc
2023-04-12 00:27:30,334 [INFO] IPUIPlugin:80 - create IPUIPlugin
2023-04-12 00:27:30,334 [INFO] PluginManager:220 - loadIPPluginJar : add hash
2023-04-12 00:27:30,335 [INFO] IPUIPlugin:80 - create IPUIPlugin
2023-04-12 00:27:30,335 [INFO] PluginManager:220 - loadIPPluginJar : add gfxmmu
2023-04-12 00:27:30,337 [INFO] IPUIPlugin:80 - create IPUIPlugin
2023-04-12 00:27:30,337 [INFO] PluginManager:220 - loadIPPluginJar : add cryp
2023-04-12 00:27:30,337 [INFO] IPUIPlugin:80 - create IPUIPlugin
2023-04-12 00:27:30,338 [INFO] PluginManager:220 - loadIPPluginJar : add fatfs
2023-04-12 00:27:30,340 [INFO] IPUIPlugin:80 - create IPUIPlugin
2023-04-12 00:27:30,340 [INFO] PluginManager:220 - loadIPPluginJar : add resmgrutility
2023-04-12 00:27:30,341 [INFO] IPUIPlugin:80 - create IPUIPlugin
2023-04-12 00:27:30,341 [INFO] PluginManager:220 - loadIPPluginJar : add spi
2023-04-12 00:27:30,342 [INFO] IPUIPlugin:80 - create IPUIPlugin
2023-04-12 00:27:30,342 [INFO] PluginManager:220 - loadIPPluginJar : add i2c
2023-04-12 00:27:30,433 [INFO] CADModel:165 - CPN selected for project level
2023-04-12 00:27:30,433 [INFO] CADModel:114 - Register for checkConnection events
2023-04-12 00:27:30,434 [FATAL] Updater:308 - Updater called before beeing initialized
2023-04-12 00:27:30,434 [ERROR] CADModel:125 - Updater not yet initialized, retry later 
2023-04-12 00:27:30,527 [INFO] CADModel:165 - CPN selected for project level
2023-04-12 00:27:30,527 [INFO] CADModel:114 - Register for checkConnection events
2023-04-12 00:27:30,527 [FATAL] Updater:308 - Updater called before beeing initialized
2023-04-12 00:27:30,527 [ERROR] CADModel:125 - Updater not yet initialized, retry later 
2023-04-12 00:27:30,529 [FATAL] Updater:308 - Updater called before beeing initialized
2023-04-12 00:27:30,580 [FATAL] Updater:308 - Updater called before beeing initialized
2023-04-12 00:27:30,585 [INFO] DbMcusAds:53 - JSON generation date=Tue Mar 07 16:50:55 HKT 2023 (1678179055335)
2023-04-12 00:27:30,585 [FATAL] Updater:308 - Updater called before beeing initialized
2023-04-12 00:27:30,614 [WARN] DetailPanel:346 - Failed to get advertising image, set to default
2023-04-12 00:27:30,699 [FATAL] Updater:308 - Updater called before beeing initialized
2023-04-12 00:27:30,700 [FATAL] Updater:308 - Updater called before beeing initialized
2023-04-12 00:27:30,700 [FATAL] Updater:308 - Updater called before beeing initialized
2023-04-12 00:27:30,700 [WARN] DetailPanel:346 - Failed to get advertising image, set to default
2023-04-12 00:27:30,701 [FATAL] Updater:308 - Updater called before beeing initialized
2023-04-12 00:27:30,727 [ERROR] Updater:1120 - MainUpdater not yet initialized. External WinMGr cannot be set.
2023-04-12 00:27:30,728 [INFO] Updater:1056 - Updater Version found : 6.8.0
2023-04-12 00:27:30,741 [INFO] ApplicationProperties:184 - Using Application install path: /app/stm32cubeide/plugins/com.st.stm32cube.common.mx_6.8.0.202302231600
2023-04-12 00:27:30,859 [INFO] MainUpdater:2854 - connection check result : 10
2023-04-12 00:27:30,859 [INFO] MainUpdater:283 - Updater Check For Update Now.
2023-04-12 00:27:30,859 [INFO] MicroXplorer:498 - Change Database Version : DB.6.0.80
2023-04-12 00:27:30,995 [INFO] CheckServerUpdateThread:120 - End of CheckServer Thread
2023-04-12 00:27:31,068 [INFO] MainUpdater:2854 - connection check result : 10
2023-04-12 00:27:31,069 [INFO] MainUpdater:2854 - connection check result : 10
2023-04-12 00:27:33,034 [WARN] PackLoader:240 - Cannot read IP mode file for STMicroelectronics.X-CUBE-GNSS1.6.0.0
2023-04-12 00:27:33,060 [WARN] PackLoader:240 - Cannot read IP mode file for STMicroelectronics.X-CUBE-AZRTOS-F4.1.1.0
2023-04-12 00:27:33,067 [WARN] PackLoader:240 - Cannot read IP mode file for STMicroelectronics.X-CUBE-SMBUS.2.1.0
2023-04-12 00:27:33,081 [WARN] PackLoader:240 - Cannot read IP mode file for STMicroelectronics.X-CUBE-AZRTOS-F7.1.1.0
2023-04-12 00:27:33,087 [WARN] PackLoader:240 - Cannot read IP mode file for STMicroelectronics.X-CUBE-BLE1.6.2.4
2023-04-12 00:27:33,092 [WARN] PackLoader:240 - Cannot read IP mode file for emotas.I-CUBE-CANOPEN.1.1.3
2023-04-12 00:27:33,097 [WARN] PackLoader:240 - Cannot read IP mode file for STMicroelectronics.X-CUBE-BLEMGR.2.0.0
2023-04-12 00:27:33,111 [WARN] ConditionMgr:438 - getConditionDescription Invalid condition id : UX DEVICE CLASS RTOS Condition cause : null
2023-04-12 00:27:33,111 [WARN] ConditionMgr:438 - getConditionDescription Invalid condition id : UX DEVICE CLASS RTOS Condition cause : null
2023-04-12 00:27:33,129 [WARN] PackLoader:240 - Cannot read IP mode file for STMicroelectronics.X-CUBE-AZRTOS-H7.3.1.0
2023-04-12 00:27:33,130 [WARN] ConditionMgr:1039 - genDependencies : Invalid condition id : UX DEVICE CLASS RTOS Condition cause : null
2023-04-12 00:27:33,130 [WARN] ConditionMgr:1039 - genDependencies : Invalid condition id : UX DEVICE CLASS RTOS Condition cause : null
2023-04-12 00:27:33,138 [WARN] ConditionMgr:1039 - genDependencies : Invalid condition id : UX DEVICE CLASS RTOS Condition cause : null
2023-04-12 00:27:33,138 [WARN] ConditionMgr:1039 - genDependencies : Invalid condition id : UX DEVICE CLASS RTOS Condition cause : null
2023-04-12 00:27:33,138 [WARN] ConditionMgr:1039 - genDependencies : Invalid condition id : UX DEVICE CLASS RTOS Condition cause : null
2023-04-12 00:27:33,145 [WARN] PackLoader:240 - Cannot read IP mode file for STMicroelectronics.X-CUBE-DISPLAY.3.0.0
2023-04-12 00:27:33,149 [WARN] PackLoader:240 - Cannot read IP mode file for wolfSSL.I-CUBE-wolfSSL.5.5.4
2023-04-12 00:27:33,151 [WARN] PackLoader:240 - Cannot read IP mode file for STMicroelectronics.X-CUBE-NFC7.1.0.0
2023-04-12 00:27:33,155 [WARN] PackLoader:240 - Cannot read IP mode file for STMicroelectronics.X-CUBE-EEPRMA1.4.1.0
2023-04-12 00:27:33,161 [WARN] PackLoader:240 - Cannot read IP mode file for WES.I-CUBE-Cesium.1.3.0
2023-04-12 00:27:33,165 [WARN] PackLoader:240 - Cannot read IP mode file for STMicroelectronics.X-CUBE-SFXS2LP1.4.0.0
2023-04-12 00:27:33,169 [WARN] PackLoader:240 - Cannot read IP mode file for STMicroelectronics.X-CUBE-BLE2.3.3.0
2023-04-12 00:27:33,174 [WARN] PackLoader:240 - Cannot read IP mode file for STMicroelectronics.X-CUBE-TOF1.3.2.0
2023-04-12 00:27:33,192 [WARN] PackLoader:240 - Cannot read IP mode file for STMicroelectronics.X-CUBE-AZRTOS-H7.3.0.0
2023-04-12 00:27:33,197 [WARN] PackLoader:240 - Cannot read IP mode file for STMicroelectronics.X-CUBE-ISPU.1.1.0
2023-04-12 00:27:33,201 [WARN] PackLoader:240 - Cannot read IP mode file for RoweBots.I-CUBE-UNISONRTOS.5.5.0-4
2023-04-12 00:27:33,202 [WARN] PackLoader:240 - Cannot read IP mode file for STMicroelectronics.X-CUBE-AI.8.0.0
2023-04-12 00:27:33,204 [WARN] PackLoader:240 - Cannot read IP mode file for STMicroelectronics.X-CUBE-FREERTOS.1.0.0
2023-04-12 00:27:33,206 [WARN] PackLoader:240 - Cannot read IP mode file for STMicroelectronics.X-CUBE-FREERTOS.1.0.1
2023-04-12 00:27:33,208 [WARN] PackLoader:240 - Cannot read IP mode file for STMicroelectronics.X-CUBE-TOUCHGFX.4.21.1
2023-04-12 00:27:33,209 [WARN] PackLoader:240 - Cannot read IP mode file for STMicroelectronics.X-CUBE-TOUCHGFX.4.21.3
2023-04-12 00:27:33,210 [WARN] PackLoader:240 - Cannot read IP mode file for STMicroelectronics.X-CUBE-AI.7.3.0
2023-04-12 00:27:33,212 [WARN] PackLoader:240 - Cannot read IP mode file for STMicroelectronics.X-CUBE-ALGOBUILD.1.3.0
2023-04-12 00:27:33,220 [WARN] PackLoader:240 - Cannot read IP mode file for STMicroelectronics.X-CUBE-AZRTOS-L5.1.1.0
2023-04-12 00:27:33,230 [WARN] PackLoader:240 - Cannot read IP mode file for STMicroelectronics.X-CUBE-AZRTOS-G0.1.1.0
2023-04-12 00:27:33,237 [WARN] PackLoader:240 - Cannot read IP mode file for STMicroelectronics.X-CUBE-SUBG2.5.0.0
2023-04-12 00:27:33,243 [WARN] PackLoader:240 - Cannot read IP mode file for STMicroelectronics.X-CUBE-NFC4.3.0.0
2023-04-12 00:27:33,248 [WARN] PackLoader:240 - Cannot read IP mode file for STMicroelectronics.X-CUBE-TOF1.3.3.0
2023-04-12 00:27:33,256 [WARN] PackLoader:240 - Cannot read IP mode file for STMicroelectronics.FP-ATR-ASTRA1.1.1.1
2023-04-12 00:27:33,260 [WARN] PackLoader:240 - Cannot read IP mode file for STMicroelectronics.X-CUBE-BLEMGR.1.3.0
2023-04-12 00:27:33,268 [WARN] PackLoader:240 - Cannot read IP mode file for STMicroelectronics.X-CUBE-AZRTOS-G4.1.0.0
2023-04-12 00:27:33,271 [WARN] PackLoader:240 - Cannot read IP mode file for STMicroelectronics.FP-ATR-SIGFOX1.3.2.0
2023-04-12 00:27:33,280 [WARN] PackLoader:240 - Cannot read IP mode file for STMicroelectronics.X-CUBE-AZRTOS-L4.1.0.0
2023-04-12 00:27:33,287 [WARN] PackLoader:240 - Cannot read IP mode file for STMicroelectronics.X-CUBE-AZRTOS-WL.1.0.0
2023-04-12 00:27:33,290 [WARN] PackLoader:240 - Cannot read IP mode file for portGmbH.I-Cube-SoM-uGOAL.1.1.0
2023-04-12 00:27:33,291 [WARN] PackLoader:240 - Cannot read IP mode file for STMicroelectronics.X-CUBE-ALS.1.0.1
2023-04-12 00:27:33,331 [WARN] PackLoader:240 - Cannot read IP mode file for STMicroelectronics.X-CUBE-MEMS1.9.5.0
2023-04-12 00:27:33,478 [WARN] PackLoader:240 - Cannot read IP mode file for STMicroelectronics.X-CUBE-AZRTOS-WB.1.1.0
2023-04-12 00:27:33,497 [WARN] PackLoader:240 - Cannot read IP mode file for SEGGER.I-CUBE-embOS.1.3.1
2023-04-12 00:27:33,536 [INFO] ThirdParty:978 - Integrity check success = true
2023-04-12 00:27:33,536 [INFO] IntegrityCheckThread:100 - exiting critical section [integrity check]
2023-04-12 00:27:33,536 [INFO] IntegrityCheckThread:103 - End integrity checks thread
